2025-03-06 11:16:05,211 - paramiko.transport - DEBUG - starting thread (client mode): 0xcaa55810
2025-03-06 11:16:05,212 - paramiko.transport - DEBUG - Local version/idstring: SSH-2.0-paramiko_3.4.0
2025-03-06 11:16:05,223 - paramiko.transport - DEBUG - Remote version/idstring: SSH-2.0-OpenSSH_8.9p1 Ubuntu-3ubuntu0.10
2025-03-06 11:16:05,223 - paramiko.transport - INFO - Connected (version 2.0, client OpenSSH_8.9p1)
2025-03-06 11:16:05,226 - paramiko.transport - DEBUG - === Key exchange possibilities ===
2025-03-06 11:16:05,227 - paramiko.transport - DEBUG - kex algos: curve25519-sha256, curve25519-sha256@libssh.org, ecdh-sha2-nistp256, ecdh-sha2-nistp384, ecdh-sha2-nistp521, sntrup761x25519-sha512@openssh.com, diffie-hellman-group-exchange-sha256, diffie-hellman-group16-sha512, diffie-hellman-group18-sha512, diffie-hellman-group14-sha256, kex-strict-s-v00@openssh.com
2025-03-06 11:16:05,227 - paramiko.transport - DEBUG - server key: rsa-sha2-512, rsa-sha2-256, ecdsa-sha2-nistp256, ssh-ed25519
2025-03-06 11:16:05,227 - paramiko.transport - DEBUG - client encrypt: chacha20-poly1305@openssh.com, aes128-ctr, aes192-ctr, aes256-ctr, aes128-gcm@openssh.com, aes256-gcm@openssh.com
2025-03-06 11:16:05,227 - paramiko.transport - DEBUG - server encrypt: chacha20-poly1305@openssh.com, aes128-ctr, aes192-ctr, aes256-ctr, aes128-gcm@openssh.com, aes256-gcm@openssh.com
2025-03-06 11:16:05,227 - paramiko.transport - DEBUG - client mac: umac-64-etm@openssh.com, umac-128-etm@openssh.com, hmac-sha2-256-etm@openssh.com, hmac-sha2-512-etm@openssh.com, hmac-sha1-etm@openssh.com, umac-64@openssh.com, umac-128@openssh.com, hmac-sha2-256, hmac-sha2-512, hmac-sha1
2025-03-06 11:16:05,227 - paramiko.transport - DEBUG - server mac: umac-64-etm@openssh.com, umac-128-etm@openssh.com, hmac-sha2-256-etm@openssh.com, hmac-sha2-512-etm@openssh.com, hmac-sha1-etm@openssh.com, umac-64@openssh.com, umac-128@openssh.com, hmac-sha2-256, hmac-sha2-512, hmac-sha1
2025-03-06 11:16:05,227 - paramiko.transport - DEBUG - client compress: none, zlib@openssh.com
2025-03-06 11:16:05,228 - paramiko.transport - DEBUG - server compress: none, zlib@openssh.com
2025-03-06 11:16:05,228 - paramiko.transport - DEBUG - client lang: <none>
2025-03-06 11:16:05,228 - paramiko.transport - DEBUG - server lang: <none>
2025-03-06 11:16:05,228 - paramiko.transport - DEBUG - kex follows: False
2025-03-06 11:16:05,228 - paramiko.transport - DEBUG - === Key exchange agreements ===
2025-03-06 11:16:05,228 - paramiko.transport - DEBUG - Strict kex mode: True
2025-03-06 11:16:05,228 - paramiko.transport - DEBUG - Kex: curve25519-sha256@libssh.org
2025-03-06 11:16:05,228 - paramiko.transport - DEBUG - HostKey: ssh-ed25519
2025-03-06 11:16:05,228 - paramiko.transport - DEBUG - Cipher: aes128-ctr
2025-03-06 11:16:05,228 - paramiko.transport - DEBUG - MAC: hmac-sha2-256
2025-03-06 11:16:05,228 - paramiko.transport - DEBUG - Compression: none
2025-03-06 11:16:05,228 - paramiko.transport - DEBUG - === End of kex handshake ===
2025-03-06 11:16:05,239 - paramiko.transport - DEBUG - Resetting outbound seqno after NEWKEYS due to strict mode
2025-03-06 11:16:05,239 - paramiko.transport - DEBUG - kex engine KexCurve25519 specified hash_algo <built-in function openssl_sha256>
2025-03-06 11:16:05,240 - paramiko.transport - DEBUG - Switch to new keys ...
2025-03-06 11:16:05,240 - paramiko.transport - DEBUG - Resetting inbound seqno after NEWKEYS due to strict mode
2025-03-06 11:16:05,240 - paramiko.transport - DEBUG - Got EXT_INFO: {'server-sig-algs': b'ssh-ed25519,sk-ssh-ed25519@openssh.com,ssh-rsa,rsa-sha2-256,rsa-sha2-512,ssh-dss,ecdsa-sha2-nistp256,ecdsa-sha2-nistp384,ecdsa-sha2-nistp521,sk-ecdsa-sha2-nistp256@openssh.com,webauthn-sk-ecdsa-sha2-nistp256@openssh.com', 'publickey-hostbound@openssh.com': b'0'}
2025-03-06 11:16:05,241 - paramiko.transport - DEBUG - Adding ssh-ed25519 host key for 172.16.177.79: b'0ef4aea12ef224e7f04edc31b79b501a'
2025-03-06 11:16:05,290 - paramiko.transport - DEBUG - userauth is OK
2025-03-06 11:16:05,365 - paramiko.transport - INFO - Authentication (password) successful!
2025-03-06 11:16:05,366 - paramiko.transport - DEBUG - [chan 0] Max packet in: 32768 bytes
2025-03-06 11:16:05,515 - paramiko.transport - DEBUG - Received global request "hostkeys-00@openssh.com"
2025-03-06 11:16:05,515 - paramiko.transport - DEBUG - Rejecting "hostkeys-00@openssh.com" global request from server.
2025-03-06 11:16:05,556 - paramiko.transport - DEBUG - [chan 0] Max packet out: 32768 bytes
2025-03-06 11:16:05,556 - paramiko.transport - DEBUG - Secsh channel 0 opened.
2025-03-06 11:16:05,561 - paramiko.transport - DEBUG - [chan 0] Sesch channel 0 request ok
2025-03-06 11:16:05,564 - paramiko.transport - DEBUG - [chan 0] EOF received (0)
2025-03-06 11:16:05,564 - paramiko.transport - DEBUG - [chan 1] Max packet in: 32768 bytes
2025-03-06 11:16:05,565 - paramiko.transport - DEBUG - [chan 0] EOF sent (0)
2025-03-06 11:16:05,567 - paramiko.transport - DEBUG - [chan 1] Max packet out: 32768 bytes
2025-03-06 11:16:05,567 - paramiko.transport - DEBUG - Secsh channel 1 opened.
2025-03-06 11:16:05,620 - paramiko.transport - DEBUG - [chan 1] Sesch channel 1 request ok
2025-03-06 11:16:05,624 - paramiko.transport - DEBUG - [chan 1] EOF received (1)
2025-03-06 11:16:05,625 - paramiko.transport - DEBUG - [chan 1] EOF sent (1)
2025-03-06 11:16:05,625 - paramiko.transport - DEBUG - [chan 2] Max packet in: 32768 bytes
2025-03-06 11:16:05,674 - paramiko.transport - DEBUG - [chan 2] Max packet out: 32768 bytes
2025-03-06 11:16:05,674 - paramiko.transport - DEBUG - Secsh channel 2 opened.
2025-03-06 11:16:05,677 - paramiko.transport - DEBUG - [chan 2] Sesch channel 2 request ok
2025-03-06 11:16:05,700 - paramiko.transport - DEBUG - [chan 2] EOF received (2)
2025-03-06 11:16:05,700 - paramiko.transport - DEBUG - [chan 2] EOF sent (2)
2025-03-06 11:16:05,702 - paramiko.transport - DEBUG - [chan 3] Max packet in: 32768 bytes
2025-03-06 11:16:05,750 - paramiko.transport - DEBUG - [chan 3] Max packet out: 32768 bytes
2025-03-06 11:16:05,750 - paramiko.transport - DEBUG - Secsh channel 3 opened.
2025-03-06 11:16:05,753 - paramiko.transport - DEBUG - [chan 3] Sesch channel 3 request ok
2025-03-06 11:16:05,768 - paramiko.transport - DEBUG - [chan 3] EOF received (3)
2025-03-06 11:16:05,768 - paramiko.transport - DEBUG - [chan 3] EOF sent (3)
2025-03-06 11:16:05,769 - paramiko.transport - DEBUG - [chan 4] Max packet in: 32768 bytes
2025-03-06 11:16:05,814 - paramiko.transport - DEBUG - [chan 4] Max packet out: 32768 bytes
2025-03-06 11:16:05,815 - paramiko.transport - DEBUG - Secsh channel 4 opened.
2025-03-06 11:16:05,818 - paramiko.transport - DEBUG - [chan 4] Sesch channel 4 request ok
2025-03-06 11:16:05,821 - paramiko.transport - DEBUG - [chan 4] EOF received (4)
2025-03-06 11:16:05,821 - paramiko.transport - DEBUG - [chan 4] EOF sent (4)
2025-03-06 11:16:05,821 - paramiko.transport - DEBUG - [chan 5] Max packet in: 32768 bytes
2025-03-06 11:16:05,866 - paramiko.transport - DEBUG - [chan 5] Max packet out: 32768 bytes
2025-03-06 11:16:05,866 - paramiko.transport - DEBUG - Secsh channel 5 opened.
2025-03-06 11:16:05,869 - paramiko.transport - DEBUG - [chan 5] Sesch channel 5 request ok
2025-03-06 11:16:05,875 - paramiko.transport - DEBUG - [chan 5] EOF received (5)
2025-03-06 11:16:05,875 - paramiko.transport - DEBUG - [chan 5] EOF sent (5)
2025-03-06 11:16:05,876 - paramiko.transport - DEBUG - [chan 6] Max packet in: 32768 bytes
2025-03-06 11:16:05,922 - paramiko.transport - DEBUG - [chan 6] Max packet out: 32768 bytes
2025-03-06 11:16:05,922 - paramiko.transport - DEBUG - Secsh channel 6 opened.
2025-03-06 11:16:05,925 - paramiko.transport - DEBUG - [chan 6] Sesch channel 6 request ok
2025-03-06 11:16:05,944 - paramiko.transport - DEBUG - [chan 6] EOF received (6)
2025-03-06 11:16:05,945 - paramiko.transport - DEBUG - [chan 6] EOF sent (6)
2025-03-06 11:16:05,946 - paramiko.transport - DEBUG - [chan 7] Max packet in: 32768 bytes
2025-03-06 11:16:05,990 - paramiko.transport - DEBUG - [chan 7] Max packet out: 32768 bytes
2025-03-06 11:16:05,990 - paramiko.transport - DEBUG - Secsh channel 7 opened.
2025-03-06 11:16:05,993 - paramiko.transport - DEBUG - [chan 7] Sesch channel 7 request ok
2025-03-06 11:16:06,016 - paramiko.transport - DEBUG - [chan 7] EOF received (7)
2025-03-06 11:16:06,016 - paramiko.transport - DEBUG - [chan 7] EOF sent (7)
2025-03-06 11:16:06,017 - paramiko.transport - DEBUG - [chan 8] Max packet in: 32768 bytes
2025-03-06 11:16:06,062 - paramiko.transport - DEBUG - [chan 8] Max packet out: 32768 bytes
2025-03-06 11:16:06,062 - paramiko.transport - DEBUG - Secsh channel 8 opened.
2025-03-06 11:16:06,066 - paramiko.transport - DEBUG - [chan 8] Sesch channel 8 request ok
2025-03-06 11:16:06,082 - paramiko.transport - DEBUG - [chan 8] EOF received (8)
2025-03-06 11:16:06,083 - paramiko.transport - DEBUG - [chan 8] EOF sent (8)
2025-03-06 11:16:06,084 - paramiko.transport - DEBUG - [chan 9] Max packet in: 32768 bytes
2025-03-06 11:16:06,134 - paramiko.transport - DEBUG - [chan 9] Max packet out: 32768 bytes
2025-03-06 11:16:06,135 - paramiko.transport - DEBUG - Secsh channel 9 opened.
2025-03-06 11:16:06,137 - paramiko.transport - DEBUG - [chan 9] Sesch channel 9 request ok
2025-03-06 11:16:06,169 - paramiko.transport - DEBUG - [chan 9] EOF received (9)
2025-03-06 11:16:06,169 - paramiko.transport - DEBUG - [chan 9] EOF sent (9)
2025-03-06 11:16:06,170 - paramiko.transport - DEBUG - [chan 10] Max packet in: 32768 bytes
2025-03-06 11:16:06,217 - paramiko.transport - DEBUG - [chan 10] Max packet out: 32768 bytes
2025-03-06 11:16:06,218 - paramiko.transport - DEBUG - Secsh channel 10 opened.
2025-03-06 11:16:06,222 - paramiko.transport - DEBUG - [chan 10] Sesch channel 10 request ok
2025-03-06 11:16:06,236 - paramiko.transport - DEBUG - [chan 10] EOF received (10)
2025-03-06 11:16:06,236 - paramiko.transport - DEBUG - [chan 10] EOF sent (10)
2025-03-06 11:16:06,237 - paramiko.transport - DEBUG - [chan 11] Max packet in: 32768 bytes
2025-03-06 11:16:06,286 - paramiko.transport - DEBUG - [chan 11] Max packet out: 32768 bytes
2025-03-06 11:16:06,286 - paramiko.transport - DEBUG - Secsh channel 11 opened.
2025-03-06 11:16:06,289 - paramiko.transport - DEBUG - [chan 11] Sesch channel 11 request ok
2025-03-06 11:16:06,303 - paramiko.transport - DEBUG - [chan 11] EOF received (11)
2025-03-06 11:16:06,303 - paramiko.transport - DEBUG - [chan 11] EOF sent (11)
2025-03-06 11:16:06,304 - paramiko.transport - DEBUG - [chan 12] Max packet in: 32768 bytes
2025-03-06 11:16:06,355 - paramiko.transport - DEBUG - [chan 12] Max packet out: 32768 bytes
2025-03-06 11:16:06,355 - paramiko.transport - DEBUG - Secsh channel 12 opened.
2025-03-06 11:16:06,358 - paramiko.transport - DEBUG - [chan 12] Sesch channel 12 request ok
2025-03-06 11:16:06,377 - paramiko.transport - DEBUG - [chan 12] EOF received (12)
2025-03-06 11:16:06,378 - paramiko.transport - DEBUG - [chan 12] EOF sent (12)
2025-03-06 11:16:06,379 - paramiko.transport - DEBUG - [chan 13] Max packet in: 32768 bytes
2025-03-06 11:16:06,421 - paramiko.transport - DEBUG - [chan 13] Max packet out: 32768 bytes
2025-03-06 11:16:06,421 - paramiko.transport - DEBUG - Secsh channel 13 opened.
2025-03-06 11:16:06,424 - paramiko.transport - DEBUG - [chan 13] Sesch channel 13 request ok
2025-03-06 11:16:06,440 - paramiko.transport - DEBUG - [chan 13] EOF received (13)
2025-03-06 11:16:06,440 - paramiko.transport - DEBUG - [chan 13] EOF sent (13)
2025-03-06 11:16:06,452 - paramiko.transport - DEBUG - [chan 14] Max packet in: 32768 bytes
2025-03-06 11:16:06,490 - paramiko.transport - DEBUG - [chan 14] Max packet out: 32768 bytes
2025-03-06 11:16:06,490 - paramiko.transport - DEBUG - Secsh channel 14 opened.
2025-03-06 11:16:06,493 - paramiko.transport - DEBUG - [chan 14] Sesch channel 14 request ok
2025-03-06 11:16:06,513 - paramiko.transport - DEBUG - [chan 14] EOF received (14)
2025-03-06 11:16:06,513 - paramiko.transport - DEBUG - [chan 14] EOF sent (14)
2025-03-06 11:16:06,514 - paramiko.transport - DEBUG - [chan 15] Max packet in: 32768 bytes
2025-03-06 11:16:06,557 - paramiko.transport - DEBUG - [chan 15] Max packet out: 32768 bytes
2025-03-06 11:16:06,558 - paramiko.transport - DEBUG - Secsh channel 15 opened.
2025-03-06 11:16:06,561 - paramiko.transport - DEBUG - [chan 15] Sesch channel 15 request ok
2025-03-06 11:16:06,578 - paramiko.transport - DEBUG - [chan 15] EOF received (15)
2025-03-06 11:16:06,578 - paramiko.transport - DEBUG - [chan 15] EOF sent (15)
2025-03-06 11:16:06,579 - paramiko.transport - DEBUG - [chan 16] Max packet in: 32768 bytes
2025-03-06 11:16:06,625 - paramiko.transport - DEBUG - [chan 16] Max packet out: 32768 bytes
2025-03-06 11:16:06,626 - paramiko.transport - DEBUG - Secsh channel 16 opened.
2025-03-06 11:16:06,628 - paramiko.transport - DEBUG - [chan 16] Sesch channel 16 request ok
2025-03-06 11:16:06,644 - paramiko.transport - DEBUG - [chan 16] EOF received (16)
2025-03-06 11:16:06,644 - paramiko.transport - DEBUG - [chan 16] EOF sent (16)
2025-03-06 11:16:06,645 - paramiko.transport - DEBUG - [chan 17] Max packet in: 32768 bytes
2025-03-06 11:16:06,693 - paramiko.transport - DEBUG - [chan 17] Max packet out: 32768 bytes
2025-03-06 11:16:06,694 - paramiko.transport - DEBUG - Secsh channel 17 opened.
2025-03-06 11:16:06,696 - paramiko.transport - DEBUG - [chan 17] Sesch channel 17 request ok
2025-03-06 11:16:06,714 - paramiko.transport - DEBUG - [chan 17] EOF received (17)
2025-03-06 11:16:06,714 - paramiko.transport - DEBUG - [chan 17] EOF sent (17)
2025-03-06 11:16:06,715 - paramiko.transport - DEBUG - [chan 18] Max packet in: 32768 bytes
2025-03-06 11:16:06,758 - paramiko.transport - DEBUG - [chan 18] Max packet out: 32768 bytes
2025-03-06 11:16:06,758 - paramiko.transport - DEBUG - Secsh channel 18 opened.
2025-03-06 11:16:06,761 - paramiko.transport - DEBUG - [chan 18] Sesch channel 18 request ok
2025-03-06 11:16:06,776 - paramiko.transport - DEBUG - [chan 18] EOF received (18)
2025-03-06 11:16:06,776 - paramiko.transport - DEBUG - [chan 18] EOF sent (18)
2025-03-06 11:16:06,777 - paramiko.transport - DEBUG - [chan 19] Max packet in: 32768 bytes
2025-03-06 11:16:06,822 - paramiko.transport - DEBUG - [chan 19] Max packet out: 32768 bytes
2025-03-06 11:16:06,822 - paramiko.transport - DEBUG - Secsh channel 19 opened.
2025-03-06 11:16:06,825 - paramiko.transport - DEBUG - [chan 19] Sesch channel 19 request ok
2025-03-06 11:16:06,838 - paramiko.transport - DEBUG - [chan 19] EOF received (19)
2025-03-06 11:16:06,838 - paramiko.transport - DEBUG - [chan 19] EOF sent (19)
2025-03-06 11:16:06,839 - paramiko.transport - DEBUG - [chan 20] Max packet in: 32768 bytes
2025-03-06 11:16:06,882 - paramiko.transport - DEBUG - [chan 20] Max packet out: 32768 bytes
2025-03-06 11:16:06,882 - paramiko.transport - DEBUG - Secsh channel 20 opened.
2025-03-06 11:16:06,885 - paramiko.transport - DEBUG - [chan 20] Sesch channel 20 request ok
2025-03-06 11:16:06,901 - paramiko.transport - DEBUG - [chan 20] EOF received (20)
2025-03-06 11:16:06,902 - paramiko.transport - DEBUG - [chan 20] EOF sent (20)
2025-03-06 11:16:06,903 - paramiko.transport - DEBUG - [chan 21] Max packet in: 32768 bytes
2025-03-06 11:16:06,950 - paramiko.transport - DEBUG - [chan 21] Max packet out: 32768 bytes
2025-03-06 11:16:06,950 - paramiko.transport - DEBUG - Secsh channel 21 opened.
2025-03-06 11:16:06,953 - paramiko.transport - DEBUG - [chan 21] Sesch channel 21 request ok
2025-03-06 11:16:06,967 - paramiko.transport - DEBUG - [chan 21] EOF received (21)
2025-03-06 11:16:06,967 - paramiko.transport - DEBUG - [chan 21] EOF sent (21)
2025-03-06 11:16:06,968 - paramiko.transport - DEBUG - [chan 22] Max packet in: 32768 bytes
2025-03-06 11:16:07,014 - paramiko.transport - DEBUG - [chan 22] Max packet out: 32768 bytes
2025-03-06 11:16:07,014 - paramiko.transport - DEBUG - Secsh channel 22 opened.
2025-03-06 11:16:07,017 - paramiko.transport - DEBUG - [chan 22] Sesch channel 22 request ok
2025-03-06 11:16:07,038 - paramiko.transport - DEBUG - [chan 22] EOF received (22)
2025-03-06 11:16:07,038 - paramiko.transport - DEBUG - [chan 22] EOF sent (22)
2025-03-06 11:16:07,039 - paramiko.transport - DEBUG - [chan 23] Max packet in: 32768 bytes
2025-03-06 11:16:07,090 - paramiko.transport - DEBUG - [chan 23] Max packet out: 32768 bytes
2025-03-06 11:16:07,090 - paramiko.transport - DEBUG - Secsh channel 23 opened.
2025-03-06 11:16:07,093 - paramiko.transport - DEBUG - [chan 23] Sesch channel 23 request ok
2025-03-06 11:16:07,111 - paramiko.transport - DEBUG - [chan 23] EOF received (23)
2025-03-06 11:16:07,111 - paramiko.transport - DEBUG - [chan 23] EOF sent (23)
2025-03-06 11:16:07,112 - paramiko.transport - DEBUG - [chan 24] Max packet in: 32768 bytes
2025-03-06 11:16:07,162 - paramiko.transport - DEBUG - [chan 24] Max packet out: 32768 bytes
2025-03-06 11:16:07,162 - paramiko.transport - DEBUG - Secsh channel 24 opened.
2025-03-06 11:16:07,165 - paramiko.transport - DEBUG - [chan 24] Sesch channel 24 request ok
2025-03-06 11:16:07,180 - paramiko.transport - DEBUG - [chan 24] EOF received (24)
2025-03-06 11:16:07,181 - paramiko.transport - DEBUG - [chan 24] EOF sent (24)
2025-03-06 11:16:07,182 - paramiko.transport - DEBUG - [chan 25] Max packet in: 32768 bytes
2025-03-06 11:16:07,231 - paramiko.transport - DEBUG - [chan 25] Max packet out: 32768 bytes
2025-03-06 11:16:07,232 - paramiko.transport - DEBUG - Secsh channel 25 opened.
2025-03-06 11:16:07,236 - paramiko.transport - DEBUG - [chan 25] Sesch channel 25 request ok
2025-03-06 11:16:07,253 - paramiko.transport - DEBUG - [chan 25] EOF received (25)
2025-03-06 11:16:07,254 - paramiko.transport - DEBUG - [chan 25] EOF sent (25)
2025-03-06 11:16:07,255 - paramiko.transport - DEBUG - [chan 26] Max packet in: 32768 bytes
2025-03-06 11:16:07,303 - paramiko.transport - DEBUG - [chan 26] Max packet out: 32768 bytes
2025-03-06 11:16:07,303 - paramiko.transport - DEBUG - Secsh channel 26 opened.
2025-03-06 11:16:07,306 - paramiko.transport - DEBUG - [chan 26] Sesch channel 26 request ok
2025-03-06 11:16:07,321 - paramiko.transport - DEBUG - [chan 26] EOF received (26)
2025-03-06 11:16:07,321 - paramiko.transport - DEBUG - [chan 26] EOF sent (26)
2025-03-06 11:16:07,322 - paramiko.transport - DEBUG - [chan 27] Max packet in: 32768 bytes
2025-03-06 11:16:07,366 - paramiko.transport - DEBUG - [chan 27] Max packet out: 32768 bytes
2025-03-06 11:16:07,366 - paramiko.transport - DEBUG - Secsh channel 27 opened.
2025-03-06 11:16:07,368 - paramiko.transport - DEBUG - [chan 27] Sesch channel 27 request ok
2025-03-06 11:16:07,386 - paramiko.transport - DEBUG - [chan 27] EOF received (27)
2025-03-06 11:16:07,386 - paramiko.transport - DEBUG - [chan 27] EOF sent (27)
2025-03-06 11:16:07,387 - paramiko.transport - DEBUG - [chan 28] Max packet in: 32768 bytes
2025-03-06 11:16:07,433 - paramiko.transport - DEBUG - [chan 28] Max packet out: 32768 bytes
2025-03-06 11:16:07,434 - paramiko.transport - DEBUG - Secsh channel 28 opened.
2025-03-06 11:16:07,436 - paramiko.transport - DEBUG - [chan 28] Sesch channel 28 request ok
2025-03-06 11:16:07,456 - paramiko.transport - DEBUG - [chan 28] EOF received (28)
2025-03-06 11:16:07,456 - paramiko.transport - DEBUG - [chan 28] EOF sent (28)
2025-03-06 11:16:07,458 - paramiko.transport - DEBUG - [chan 29] Max packet in: 32768 bytes
2025-03-06 11:16:07,502 - paramiko.transport - DEBUG - [chan 29] Max packet out: 32768 bytes
2025-03-06 11:16:07,502 - paramiko.transport - DEBUG - Secsh channel 29 opened.
2025-03-06 11:16:07,504 - paramiko.transport - DEBUG - [chan 29] Sesch channel 29 request ok
2025-03-06 11:16:07,518 - paramiko.transport - DEBUG - [chan 29] EOF received (29)
2025-03-06 11:16:07,518 - paramiko.transport - DEBUG - [chan 29] EOF sent (29)
2025-03-06 11:16:07,519 - paramiko.transport - DEBUG - [chan 30] Max packet in: 32768 bytes
2025-03-06 11:16:07,562 - paramiko.transport - DEBUG - [chan 30] Max packet out: 32768 bytes
2025-03-06 11:16:07,562 - paramiko.transport - DEBUG - Secsh channel 30 opened.
2025-03-06 11:16:07,565 - paramiko.transport - DEBUG - [chan 30] Sesch channel 30 request ok
2025-03-06 11:16:07,579 - paramiko.transport - DEBUG - [chan 30] EOF received (30)
2025-03-06 11:16:07,580 - paramiko.transport - DEBUG - [chan 30] EOF sent (30)
2025-03-06 11:16:07,581 - paramiko.transport - DEBUG - [chan 31] Max packet in: 32768 bytes
2025-03-06 11:16:07,630 - paramiko.transport - DEBUG - [chan 31] Max packet out: 32768 bytes
2025-03-06 11:16:07,630 - paramiko.transport - DEBUG - Secsh channel 31 opened.
2025-03-06 11:16:07,634 - paramiko.transport - DEBUG - [chan 31] Sesch channel 31 request ok
2025-03-06 11:16:07,652 - paramiko.transport - DEBUG - [chan 31] EOF received (31)
2025-03-06 11:16:07,652 - paramiko.transport - DEBUG - [chan 31] EOF sent (31)
2025-03-06 11:16:07,653 - paramiko.transport - DEBUG - [chan 32] Max packet in: 32768 bytes
2025-03-06 11:16:07,702 - paramiko.transport - DEBUG - [chan 32] Max packet out: 32768 bytes
2025-03-06 11:16:07,702 - paramiko.transport - DEBUG - Secsh channel 32 opened.
2025-03-06 11:16:07,705 - paramiko.transport - DEBUG - [chan 32] Sesch channel 32 request ok
2025-03-06 11:16:07,720 - paramiko.transport - DEBUG - [chan 32] EOF received (32)
2025-03-06 11:16:07,720 - paramiko.transport - DEBUG - [chan 32] EOF sent (32)
2025-03-06 11:16:07,721 - paramiko.transport - DEBUG - [chan 33] Max packet in: 32768 bytes
2025-03-06 11:16:07,769 - paramiko.transport - DEBUG - [chan 33] Max packet out: 32768 bytes
2025-03-06 11:16:07,769 - paramiko.transport - DEBUG - Secsh channel 33 opened.
2025-03-06 11:16:07,772 - paramiko.transport - DEBUG - [chan 33] Sesch channel 33 request ok
2025-03-06 11:16:07,786 - paramiko.transport - DEBUG - [chan 33] EOF received (33)
2025-03-06 11:16:07,786 - paramiko.transport - DEBUG - [chan 33] EOF sent (33)
2025-03-06 11:16:07,787 - paramiko.transport - DEBUG - [chan 34] Max packet in: 32768 bytes
2025-03-06 11:16:07,838 - paramiko.transport - DEBUG - [chan 34] Max packet out: 32768 bytes
2025-03-06 11:16:07,838 - paramiko.transport - DEBUG - Secsh channel 34 opened.
2025-03-06 11:16:07,841 - paramiko.transport - DEBUG - [chan 34] Sesch channel 34 request ok
2025-03-06 11:16:07,860 - paramiko.transport - DEBUG - [chan 34] EOF received (34)
2025-03-06 11:16:07,860 - paramiko.transport - DEBUG - [chan 34] EOF sent (34)
2025-03-06 11:16:07,861 - paramiko.transport - DEBUG - [chan 35] Max packet in: 32768 bytes
2025-03-06 11:16:07,909 - paramiko.transport - DEBUG - [chan 35] Max packet out: 32768 bytes
2025-03-06 11:16:07,910 - paramiko.transport - DEBUG - Secsh channel 35 opened.
2025-03-06 11:16:07,912 - paramiko.transport - DEBUG - [chan 35] Sesch channel 35 request ok
2025-03-06 11:16:07,934 - paramiko.transport - DEBUG - [chan 35] EOF received (35)
2025-03-06 11:16:07,934 - paramiko.transport - DEBUG - [chan 35] EOF sent (35)
2025-03-06 11:16:07,935 - paramiko.transport - DEBUG - [chan 36] Max packet in: 32768 bytes
2025-03-06 11:16:07,981 - paramiko.transport - DEBUG - [chan 36] Max packet out: 32768 bytes
2025-03-06 11:16:07,982 - paramiko.transport - DEBUG - Secsh channel 36 opened.
2025-03-06 11:16:07,985 - paramiko.transport - DEBUG - [chan 36] Sesch channel 36 request ok
2025-03-06 11:16:07,997 - paramiko.transport - DEBUG - [chan 36] EOF received (36)
2025-03-06 11:16:07,997 - paramiko.transport - DEBUG - [chan 36] EOF sent (36)
2025-03-06 11:16:07,998 - paramiko.transport - DEBUG - [chan 37] Max packet in: 32768 bytes
2025-03-06 11:16:08,046 - paramiko.transport - DEBUG - [chan 37] Max packet out: 32768 bytes
2025-03-06 11:16:08,046 - paramiko.transport - DEBUG - Secsh channel 37 opened.
2025-03-06 11:16:08,048 - paramiko.transport - DEBUG - [chan 37] Sesch channel 37 request ok
2025-03-06 11:16:08,062 - paramiko.transport - DEBUG - [chan 37] EOF received (37)
2025-03-06 11:16:08,062 - paramiko.transport - DEBUG - [chan 37] EOF sent (37)
2025-03-06 11:16:08,063 - paramiko.transport - DEBUG - [chan 38] Max packet in: 32768 bytes
2025-03-06 11:16:08,114 - paramiko.transport - DEBUG - [chan 38] Max packet out: 32768 bytes
2025-03-06 11:16:08,114 - paramiko.transport - DEBUG - Secsh channel 38 opened.
2025-03-06 11:16:08,117 - paramiko.transport - DEBUG - [chan 38] Sesch channel 38 request ok
2025-03-06 11:16:08,132 - paramiko.transport - DEBUG - [chan 38] EOF received (38)
2025-03-06 11:16:08,132 - paramiko.transport - DEBUG - [chan 38] EOF sent (38)
2025-03-06 11:16:08,133 - paramiko.transport - DEBUG - [chan 39] Max packet in: 32768 bytes
2025-03-06 11:16:08,183 - paramiko.transport - DEBUG - [chan 39] Max packet out: 32768 bytes
2025-03-06 11:16:08,183 - paramiko.transport - DEBUG - Secsh channel 39 opened.
2025-03-06 11:16:08,187 - paramiko.transport - DEBUG - [chan 39] Sesch channel 39 request ok
2025-03-06 11:16:08,202 - paramiko.transport - DEBUG - [chan 39] EOF received (39)
2025-03-06 11:16:08,202 - paramiko.transport - DEBUG - [chan 39] EOF sent (39)
2025-03-06 11:16:08,203 - paramiko.transport - DEBUG - [chan 40] Max packet in: 32768 bytes
2025-03-06 11:16:08,252 - paramiko.transport - DEBUG - [chan 40] Max packet out: 32768 bytes
2025-03-06 11:16:08,252 - paramiko.transport - DEBUG - Secsh channel 40 opened.
2025-03-06 11:16:08,255 - paramiko.transport - DEBUG - [chan 40] Sesch channel 40 request ok
2025-03-06 11:16:08,274 - paramiko.transport - DEBUG - [chan 40] EOF received (40)
2025-03-06 11:16:08,274 - paramiko.transport - DEBUG - [chan 40] EOF sent (40)
2025-03-06 11:16:08,275 - paramiko.transport - DEBUG - [chan 41] Max packet in: 32768 bytes
2025-03-06 11:16:08,327 - paramiko.transport - DEBUG - [chan 41] Max packet out: 32768 bytes
2025-03-06 11:16:08,327 - paramiko.transport - DEBUG - Secsh channel 41 opened.
2025-03-06 11:16:08,330 - paramiko.transport - DEBUG - [chan 41] Sesch channel 41 request ok
2025-03-06 11:16:08,348 - paramiko.transport - DEBUG - [chan 41] EOF received (41)
2025-03-06 11:16:08,348 - paramiko.transport - DEBUG - [chan 41] EOF sent (41)
2025-03-06 11:16:08,349 - paramiko.transport - DEBUG - [chan 42] Max packet in: 32768 bytes
2025-03-06 11:16:08,393 - paramiko.transport - DEBUG - [chan 42] Max packet out: 32768 bytes
2025-03-06 11:16:08,393 - paramiko.transport - DEBUG - Secsh channel 42 opened.
2025-03-06 11:16:08,396 - paramiko.transport - DEBUG - [chan 42] Sesch channel 42 request ok
2025-03-06 11:16:08,422 - paramiko.transport - DEBUG - [chan 42] EOF received (42)
2025-03-06 11:16:08,423 - paramiko.transport - DEBUG - [chan 42] EOF sent (42)
2025-03-06 11:16:08,424 - paramiko.transport - DEBUG - [chan 43] Max packet in: 32768 bytes
2025-03-06 11:16:08,473 - paramiko.transport - DEBUG - [chan 43] Max packet out: 32768 bytes
2025-03-06 11:16:08,474 - paramiko.transport - DEBUG - Secsh channel 43 opened.
2025-03-06 11:16:08,477 - paramiko.transport - DEBUG - [chan 43] Sesch channel 43 request ok
2025-03-06 11:16:08,513 - paramiko.transport - DEBUG - [chan 43] EOF received (43)
2025-03-06 11:16:08,513 - paramiko.transport - DEBUG - [chan 43] EOF sent (43)
2025-03-06 11:16:08,514 - paramiko.transport - DEBUG - [chan 44] Max packet in: 32768 bytes
2025-03-06 11:16:08,562 - paramiko.transport - DEBUG - [chan 44] Max packet out: 32768 bytes
2025-03-06 11:16:08,562 - paramiko.transport - DEBUG - Secsh channel 44 opened.
2025-03-06 11:16:08,564 - paramiko.transport - DEBUG - [chan 44] Sesch channel 44 request ok
2025-03-06 11:16:08,587 - paramiko.transport - DEBUG - [chan 44] EOF received (44)
2025-03-06 11:16:08,587 - paramiko.transport - DEBUG - [chan 44] EOF sent (44)
2025-03-06 11:16:08,588 - paramiko.transport - DEBUG - [chan 45] Max packet in: 32768 bytes
2025-03-06 11:16:08,634 - paramiko.transport - DEBUG - [chan 45] Max packet out: 32768 bytes
2025-03-06 11:16:08,634 - paramiko.transport - DEBUG - Secsh channel 45 opened.
2025-03-06 11:16:08,637 - paramiko.transport - DEBUG - [chan 45] Sesch channel 45 request ok
2025-03-06 11:16:08,661 - paramiko.transport - DEBUG - [chan 45] EOF received (45)
2025-03-06 11:16:08,661 - paramiko.transport - DEBUG - [chan 45] EOF sent (45)
2025-03-06 11:16:08,662 - paramiko.transport - DEBUG - [chan 46] Max packet in: 32768 bytes
2025-03-06 11:16:08,705 - paramiko.transport - DEBUG - [chan 46] Max packet out: 32768 bytes
2025-03-06 11:16:08,706 - paramiko.transport - DEBUG - Secsh channel 46 opened.
2025-03-06 11:16:08,709 - paramiko.transport - DEBUG - [chan 46] Sesch channel 46 request ok
2025-03-06 11:16:08,728 - paramiko.transport - DEBUG - [chan 46] EOF received (46)
2025-03-06 11:16:08,728 - paramiko.transport - DEBUG - [chan 46] EOF sent (46)
2025-03-06 11:16:08,728 - paramiko.transport - DEBUG - [chan 47] Max packet in: 32768 bytes
2025-03-06 11:16:08,778 - paramiko.transport - DEBUG - [chan 47] Max packet out: 32768 bytes
2025-03-06 11:16:08,778 - paramiko.transport - DEBUG - Secsh channel 47 opened.
2025-03-06 11:16:08,781 - paramiko.transport - DEBUG - [chan 47] Sesch channel 47 request ok
2025-03-06 11:16:08,803 - paramiko.transport - DEBUG - [chan 47] EOF received (47)
2025-03-06 11:16:08,803 - paramiko.transport - DEBUG - [chan 47] EOF sent (47)
2025-03-06 11:16:08,804 - paramiko.transport - DEBUG - [chan 48] Max packet in: 32768 bytes
2025-03-06 11:16:08,857 - paramiko.transport - DEBUG - [chan 48] Max packet out: 32768 bytes
2025-03-06 11:16:08,857 - paramiko.transport - DEBUG - Secsh channel 48 opened.
2025-03-06 11:16:08,861 - paramiko.transport - DEBUG - [chan 48] Sesch channel 48 request ok
2025-03-06 11:16:08,882 - paramiko.transport - DEBUG - [chan 48] EOF received (48)
2025-03-06 11:16:08,882 - paramiko.transport - DEBUG - [chan 48] EOF sent (48)
2025-03-06 11:16:08,883 - paramiko.transport - DEBUG - [chan 49] Max packet in: 32768 bytes
2025-03-06 11:16:08,926 - paramiko.transport - DEBUG - [chan 49] Max packet out: 32768 bytes
2025-03-06 11:16:08,926 - paramiko.transport - DEBUG - Secsh channel 49 opened.
2025-03-06 11:16:08,928 - paramiko.transport - DEBUG - [chan 49] Sesch channel 49 request ok
2025-03-06 11:16:08,947 - paramiko.transport - DEBUG - [chan 49] EOF received (49)
2025-03-06 11:16:08,947 - paramiko.transport - DEBUG - [chan 49] EOF sent (49)
2025-03-06 11:16:08,948 - paramiko.transport - DEBUG - [chan 50] Max packet in: 32768 bytes
2025-03-06 11:16:08,996 - paramiko.transport - DEBUG - [chan 50] Max packet out: 32768 bytes
2025-03-06 11:16:08,996 - paramiko.transport - DEBUG - Secsh channel 50 opened.
2025-03-06 11:16:08,999 - paramiko.transport - DEBUG - [chan 50] Sesch channel 50 request ok
2025-03-06 11:16:09,022 - paramiko.transport - DEBUG - [chan 50] EOF received (50)
2025-03-06 11:16:09,023 - paramiko.transport - DEBUG - [chan 50] EOF sent (50)
2025-03-06 11:16:09,024 - paramiko.transport - DEBUG - [chan 51] Max packet in: 32768 bytes
2025-03-06 11:16:09,070 - paramiko.transport - DEBUG - [chan 51] Max packet out: 32768 bytes
2025-03-06 11:16:09,070 - paramiko.transport - DEBUG - Secsh channel 51 opened.
2025-03-06 11:16:09,073 - paramiko.transport - DEBUG - [chan 51] Sesch channel 51 request ok
2025-03-06 11:16:09,093 - paramiko.transport - DEBUG - [chan 51] EOF received (51)
2025-03-06 11:16:09,093 - paramiko.transport - DEBUG - [chan 51] EOF sent (51)
2025-03-06 11:16:09,094 - paramiko.transport - DEBUG - [chan 52] Max packet in: 32768 bytes
2025-03-06 11:16:09,142 - paramiko.transport - DEBUG - [chan 52] Max packet out: 32768 bytes
2025-03-06 11:16:09,142 - paramiko.transport - DEBUG - Secsh channel 52 opened.
2025-03-06 11:16:09,145 - paramiko.transport - DEBUG - [chan 52] Sesch channel 52 request ok
2025-03-06 11:16:09,165 - paramiko.transport - DEBUG - [chan 52] EOF received (52)
2025-03-06 11:16:09,165 - paramiko.transport - DEBUG - [chan 52] EOF sent (52)
2025-03-06 11:16:09,166 - paramiko.transport - DEBUG - [chan 53] Max packet in: 32768 bytes
2025-03-06 11:16:09,213 - paramiko.transport - DEBUG - [chan 53] Max packet out: 32768 bytes
2025-03-06 11:16:09,213 - paramiko.transport - DEBUG - Secsh channel 53 opened.
2025-03-06 11:16:09,217 - paramiko.transport - DEBUG - [chan 53] Sesch channel 53 request ok
2025-03-06 11:16:09,242 - paramiko.transport - DEBUG - [chan 53] EOF received (53)
2025-03-06 11:16:09,242 - paramiko.transport - DEBUG - [chan 53] EOF sent (53)
2025-03-06 11:16:09,243 - paramiko.transport - DEBUG - [chan 54] Max packet in: 32768 bytes
2025-03-06 11:16:09,294 - paramiko.transport - DEBUG - [chan 54] Max packet out: 32768 bytes
2025-03-06 11:16:09,294 - paramiko.transport - DEBUG - Secsh channel 54 opened.
2025-03-06 11:16:09,297 - paramiko.transport - DEBUG - [chan 54] Sesch channel 54 request ok
2025-03-06 11:16:09,318 - paramiko.transport - DEBUG - [chan 54] EOF received (54)
2025-03-06 11:16:09,319 - paramiko.transport - DEBUG - [chan 54] EOF sent (54)
2025-03-06 11:16:09,320 - paramiko.transport - DEBUG - [chan 55] Max packet in: 32768 bytes
2025-03-06 11:16:09,369 - paramiko.transport - DEBUG - [chan 55] Max packet out: 32768 bytes
2025-03-06 11:16:09,369 - paramiko.transport - DEBUG - Secsh channel 55 opened.
2025-03-06 11:16:09,373 - paramiko.transport - DEBUG - [chan 55] Sesch channel 55 request ok
2025-03-06 11:16:09,397 - paramiko.transport - DEBUG - [chan 55] EOF received (55)
2025-03-06 11:16:09,397 - paramiko.transport - DEBUG - [chan 55] EOF sent (55)
2025-03-06 11:16:09,399 - paramiko.transport - DEBUG - [chan 56] Max packet in: 32768 bytes
2025-03-06 11:16:09,442 - paramiko.transport - DEBUG - [chan 56] Max packet out: 32768 bytes
2025-03-06 11:16:09,443 - paramiko.transport - DEBUG - Secsh channel 56 opened.
2025-03-06 11:16:09,445 - paramiko.transport - DEBUG - [chan 56] Sesch channel 56 request ok
2025-03-06 11:16:09,463 - paramiko.transport - DEBUG - [chan 56] EOF received (56)
2025-03-06 11:16:09,463 - paramiko.transport - DEBUG - [chan 56] EOF sent (56)
2025-03-06 11:16:09,465 - paramiko.transport - DEBUG - [chan 57] Max packet in: 32768 bytes
2025-03-06 11:16:09,513 - paramiko.transport - DEBUG - [chan 57] Max packet out: 32768 bytes
2025-03-06 11:16:09,513 - paramiko.transport - DEBUG - Secsh channel 57 opened.
2025-03-06 11:16:09,516 - paramiko.transport - DEBUG - [chan 57] Sesch channel 57 request ok
2025-03-06 11:16:09,549 - paramiko.transport - DEBUG - [chan 57] EOF received (57)
2025-03-06 11:16:09,549 - paramiko.transport - DEBUG - [chan 57] EOF sent (57)
2025-03-06 11:16:09,550 - paramiko.transport - DEBUG - [chan 58] Max packet in: 32768 bytes
2025-03-06 11:16:09,597 - paramiko.transport - DEBUG - [chan 58] Max packet out: 32768 bytes
2025-03-06 11:16:09,597 - paramiko.transport - DEBUG - Secsh channel 58 opened.
2025-03-06 11:16:09,602 - paramiko.transport - DEBUG - [chan 58] Sesch channel 58 request ok
2025-03-06 11:16:09,622 - paramiko.transport - DEBUG - [chan 58] EOF received (58)
2025-03-06 11:16:09,623 - paramiko.transport - DEBUG - [chan 58] EOF sent (58)
2025-03-06 11:16:09,624 - paramiko.transport - DEBUG - [chan 59] Max packet in: 32768 bytes
2025-03-06 11:16:09,675 - paramiko.transport - DEBUG - [chan 59] Max packet out: 32768 bytes
2025-03-06 11:16:09,675 - paramiko.transport - DEBUG - Secsh channel 59 opened.
2025-03-06 11:16:09,678 - paramiko.transport - DEBUG - [chan 59] Sesch channel 59 request ok
2025-03-06 11:16:09,701 - paramiko.transport - DEBUG - [chan 59] EOF received (59)
2025-03-06 11:16:09,701 - paramiko.transport - DEBUG - [chan 59] EOF sent (59)
2025-03-06 11:16:09,702 - paramiko.transport - DEBUG - [chan 60] Max packet in: 32768 bytes
2025-03-06 11:16:09,749 - paramiko.transport - DEBUG - [chan 60] Max packet out: 32768 bytes
2025-03-06 11:16:09,750 - paramiko.transport - DEBUG - Secsh channel 60 opened.
2025-03-06 11:16:09,753 - paramiko.transport - DEBUG - [chan 60] Sesch channel 60 request ok
2025-03-06 11:16:09,775 - paramiko.transport - DEBUG - [chan 60] EOF received (60)
2025-03-06 11:16:09,776 - paramiko.transport - DEBUG - [chan 60] EOF sent (60)
2025-03-06 11:16:09,776 - paramiko.transport - DEBUG - [chan 61] Max packet in: 32768 bytes
2025-03-06 11:16:09,826 - paramiko.transport - DEBUG - [chan 61] Max packet out: 32768 bytes
2025-03-06 11:16:09,827 - paramiko.transport - DEBUG - Secsh channel 61 opened.
2025-03-06 11:16:09,830 - paramiko.transport - DEBUG - [chan 61] Sesch channel 61 request ok
2025-03-06 11:16:09,848 - paramiko.transport - DEBUG - [chan 61] EOF received (61)
2025-03-06 11:16:09,848 - paramiko.transport - DEBUG - [chan 61] EOF sent (61)
2025-03-06 11:16:09,849 - paramiko.transport - DEBUG - [chan 62] Max packet in: 32768 bytes
2025-03-06 11:16:09,898 - paramiko.transport - DEBUG - [chan 62] Max packet out: 32768 bytes
2025-03-06 11:16:09,898 - paramiko.transport - DEBUG - Secsh channel 62 opened.
2025-03-06 11:16:09,901 - paramiko.transport - DEBUG - [chan 62] Sesch channel 62 request ok
2025-03-06 11:16:09,921 - paramiko.transport - DEBUG - [chan 62] EOF received (62)
2025-03-06 11:16:09,921 - paramiko.transport - DEBUG - [chan 62] EOF sent (62)
2025-03-06 11:16:09,922 - paramiko.transport - DEBUG - [chan 63] Max packet in: 32768 bytes
2025-03-06 11:16:09,966 - paramiko.transport - DEBUG - [chan 63] Max packet out: 32768 bytes
2025-03-06 11:16:09,966 - paramiko.transport - DEBUG - Secsh channel 63 opened.
2025-03-06 11:16:09,969 - paramiko.transport - DEBUG - [chan 63] Sesch channel 63 request ok
2025-03-06 11:16:09,987 - paramiko.transport - DEBUG - [chan 63] EOF received (63)
2025-03-06 11:16:09,988 - paramiko.transport - DEBUG - [chan 63] EOF sent (63)
2025-03-06 11:16:09,989 - paramiko.transport - DEBUG - [chan 64] Max packet in: 32768 bytes
2025-03-06 11:16:10,037 - paramiko.transport - DEBUG - [chan 64] Max packet out: 32768 bytes
2025-03-06 11:16:10,038 - paramiko.transport - DEBUG - Secsh channel 64 opened.
2025-03-06 11:16:10,041 - paramiko.transport - DEBUG - [chan 64] Sesch channel 64 request ok
2025-03-06 11:16:10,062 - paramiko.transport - DEBUG - [chan 64] EOF received (64)
2025-03-06 11:16:10,063 - paramiko.transport - DEBUG - [chan 64] EOF sent (64)
2025-03-06 11:16:10,063 - paramiko.transport - DEBUG - [chan 65] Max packet in: 32768 bytes
2025-03-06 11:16:10,112 - paramiko.transport - DEBUG - [chan 65] Max packet out: 32768 bytes
2025-03-06 11:16:10,112 - paramiko.transport - DEBUG - Secsh channel 65 opened.
2025-03-06 11:16:10,114 - paramiko.transport - DEBUG - [chan 65] Sesch channel 65 request ok
2025-03-06 11:16:10,140 - paramiko.transport - DEBUG - [chan 65] EOF received (65)
2025-03-06 11:16:10,140 - paramiko.transport - DEBUG - [chan 65] EOF sent (65)
2025-03-06 11:16:10,141 - paramiko.transport - DEBUG - [chan 66] Max packet in: 32768 bytes
2025-03-06 11:16:10,186 - paramiko.transport - DEBUG - [chan 66] Max packet out: 32768 bytes
2025-03-06 11:16:10,186 - paramiko.transport - DEBUG - Secsh channel 66 opened.
2025-03-06 11:16:10,189 - paramiko.transport - DEBUG - [chan 66] Sesch channel 66 request ok
2025-03-06 11:16:10,211 - paramiko.transport - DEBUG - [chan 66] EOF received (66)
2025-03-06 11:16:10,211 - paramiko.transport - DEBUG - [chan 66] EOF sent (66)
2025-03-06 11:16:10,211 - paramiko.transport - DEBUG - [chan 67] Max packet in: 32768 bytes
2025-03-06 11:16:10,257 - paramiko.transport - DEBUG - [chan 67] Max packet out: 32768 bytes
2025-03-06 11:16:10,258 - paramiko.transport - DEBUG - Secsh channel 67 opened.
2025-03-06 11:16:10,262 - paramiko.transport - DEBUG - [chan 67] Sesch channel 67 request ok
2025-03-06 11:16:10,284 - paramiko.transport - DEBUG - [chan 67] EOF received (67)
2025-03-06 11:16:10,284 - paramiko.transport - DEBUG - [chan 67] EOF sent (67)
2025-03-06 11:16:10,285 - paramiko.transport - DEBUG - [chan 68] Max packet in: 32768 bytes
2025-03-06 11:16:10,329 - paramiko.transport - DEBUG - [chan 68] Max packet out: 32768 bytes
2025-03-06 11:16:10,330 - paramiko.transport - DEBUG - Secsh channel 68 opened.
2025-03-06 11:16:10,333 - paramiko.transport - DEBUG - [chan 68] Sesch channel 68 request ok
2025-03-06 11:16:10,356 - paramiko.transport - DEBUG - [chan 68] EOF received (68)
2025-03-06 11:16:10,356 - paramiko.transport - DEBUG - [chan 68] EOF sent (68)
2025-03-06 11:16:10,357 - paramiko.transport - DEBUG - [chan 69] Max packet in: 32768 bytes
2025-03-06 11:16:10,406 - paramiko.transport - DEBUG - [chan 69] Max packet out: 32768 bytes
2025-03-06 11:16:10,406 - paramiko.transport - DEBUG - Secsh channel 69 opened.
2025-03-06 11:16:10,409 - paramiko.transport - DEBUG - [chan 69] Sesch channel 69 request ok
2025-03-06 11:16:10,429 - paramiko.transport - DEBUG - [chan 69] EOF received (69)
2025-03-06 11:16:10,429 - paramiko.transport - DEBUG - [chan 69] EOF sent (69)
2025-03-06 11:16:10,430 - paramiko.transport - DEBUG - [chan 70] Max packet in: 32768 bytes
2025-03-06 11:16:10,474 - paramiko.transport - DEBUG - [chan 70] Max packet out: 32768 bytes
2025-03-06 11:16:10,474 - paramiko.transport - DEBUG - Secsh channel 70 opened.
2025-03-06 11:16:10,478 - paramiko.transport - DEBUG - [chan 70] Sesch channel 70 request ok
2025-03-06 11:16:10,501 - paramiko.transport - DEBUG - [chan 70] EOF received (70)
2025-03-06 11:16:10,501 - paramiko.transport - DEBUG - [chan 70] EOF sent (70)
2025-03-06 11:16:10,502 - paramiko.transport - DEBUG - [chan 71] Max packet in: 32768 bytes
2025-03-06 11:16:10,550 - paramiko.transport - DEBUG - [chan 71] Max packet out: 32768 bytes
2025-03-06 11:16:10,550 - paramiko.transport - DEBUG - Secsh channel 71 opened.
2025-03-06 11:16:10,554 - paramiko.transport - DEBUG - [chan 71] Sesch channel 71 request ok
2025-03-06 11:16:10,571 - paramiko.transport - DEBUG - [chan 71] EOF received (71)
2025-03-06 11:16:10,571 - paramiko.transport - DEBUG - [chan 71] EOF sent (71)
2025-03-06 11:16:10,572 - paramiko.transport - DEBUG - [chan 72] Max packet in: 32768 bytes
2025-03-06 11:16:10,622 - paramiko.transport - DEBUG - [chan 72] Max packet out: 32768 bytes
2025-03-06 11:16:10,622 - paramiko.transport - DEBUG - Secsh channel 72 opened.
2025-03-06 11:16:10,626 - paramiko.transport - DEBUG - [chan 72] Sesch channel 72 request ok
2025-03-06 11:16:10,646 - paramiko.transport - DEBUG - [chan 72] EOF received (72)
2025-03-06 11:16:10,646 - paramiko.transport - DEBUG - [chan 72] EOF sent (72)
2025-03-06 11:16:10,647 - paramiko.transport - DEBUG - [chan 73] Max packet in: 32768 bytes
2025-03-06 11:16:10,695 - paramiko.transport - DEBUG - [chan 73] Max packet out: 32768 bytes
2025-03-06 11:16:10,695 - paramiko.transport - DEBUG - Secsh channel 73 opened.
2025-03-06 11:16:10,699 - paramiko.transport - DEBUG - [chan 73] Sesch channel 73 request ok
2025-03-06 11:16:10,722 - paramiko.transport - DEBUG - [chan 73] EOF received (73)
2025-03-06 11:16:10,722 - paramiko.transport - DEBUG - [chan 73] EOF sent (73)
2025-03-06 11:16:10,723 - paramiko.transport - DEBUG - [chan 74] Max packet in: 32768 bytes
2025-03-06 11:16:10,772 - paramiko.transport - DEBUG - [chan 74] Max packet out: 32768 bytes
2025-03-06 11:16:10,772 - paramiko.transport - DEBUG - Secsh channel 74 opened.
2025-03-06 11:16:10,775 - paramiko.transport - DEBUG - [chan 74] Sesch channel 74 request ok
2025-03-06 11:16:10,797 - paramiko.transport - DEBUG - [chan 74] EOF received (74)
2025-03-06 11:16:10,797 - paramiko.transport - DEBUG - [chan 74] EOF sent (74)
2025-03-06 11:16:10,798 - paramiko.transport - DEBUG - [chan 75] Max packet in: 32768 bytes
2025-03-06 11:16:10,842 - paramiko.transport - DEBUG - [chan 75] Max packet out: 32768 bytes
2025-03-06 11:16:10,842 - paramiko.transport - DEBUG - Secsh channel 75 opened.
2025-03-06 11:16:10,845 - paramiko.transport - DEBUG - [chan 75] Sesch channel 75 request ok
2025-03-06 11:16:10,866 - paramiko.transport - DEBUG - [chan 75] EOF received (75)
2025-03-06 11:16:10,866 - paramiko.transport - DEBUG - [chan 75] EOF sent (75)
2025-03-06 11:16:10,867 - paramiko.transport - DEBUG - [chan 76] Max packet in: 32768 bytes
2025-03-06 11:16:10,911 - paramiko.transport - DEBUG - [chan 76] Max packet out: 32768 bytes
2025-03-06 11:16:10,912 - paramiko.transport - DEBUG - Secsh channel 76 opened.
2025-03-06 11:16:10,914 - paramiko.transport - DEBUG - [chan 76] Sesch channel 76 request ok
2025-03-06 11:16:10,934 - paramiko.transport - DEBUG - [chan 76] EOF received (76)
2025-03-06 11:16:10,934 - paramiko.transport - DEBUG - [chan 76] EOF sent (76)
2025-03-06 11:16:10,935 - paramiko.transport - DEBUG - [chan 77] Max packet in: 32768 bytes
2025-03-06 11:16:10,984 - paramiko.transport - DEBUG - [chan 77] Max packet out: 32768 bytes
2025-03-06 11:16:10,984 - paramiko.transport - DEBUG - Secsh channel 77 opened.
2025-03-06 11:16:10,987 - paramiko.transport - DEBUG - [chan 77] Sesch channel 77 request ok
2025-03-06 11:16:11,008 - paramiko.transport - DEBUG - [chan 77] EOF received (77)
2025-03-06 11:16:11,008 - paramiko.transport - DEBUG - [chan 77] EOF sent (77)
2025-03-06 11:16:11,009 - paramiko.transport - DEBUG - [chan 78] Max packet in: 32768 bytes
2025-03-06 11:16:11,054 - paramiko.transport - DEBUG - [chan 78] Max packet out: 32768 bytes
2025-03-06 11:16:11,055 - paramiko.transport - DEBUG - Secsh channel 78 opened.
2025-03-06 11:16:11,058 - paramiko.transport - DEBUG - [chan 78] Sesch channel 78 request ok
2025-03-06 11:16:11,082 - paramiko.transport - DEBUG - [chan 78] EOF received (78)
2025-03-06 11:16:11,083 - paramiko.transport - DEBUG - [chan 78] EOF sent (78)
2025-03-06 11:16:11,084 - paramiko.transport - DEBUG - [chan 79] Max packet in: 32768 bytes
2025-03-06 11:16:11,131 - paramiko.transport - DEBUG - [chan 79] Max packet out: 32768 bytes
2025-03-06 11:16:11,132 - paramiko.transport - DEBUG - Secsh channel 79 opened.
2025-03-06 11:16:11,135 - paramiko.transport - DEBUG - [chan 79] Sesch channel 79 request ok
2025-03-06 11:16:11,164 - paramiko.transport - DEBUG - [chan 79] EOF received (79)
2025-03-06 11:16:11,164 - paramiko.transport - DEBUG - [chan 79] EOF sent (79)
2025-03-06 11:16:11,165 - paramiko.transport - DEBUG - [chan 80] Max packet in: 32768 bytes
2025-03-06 11:16:11,210 - paramiko.transport - DEBUG - [chan 80] Max packet out: 32768 bytes
2025-03-06 11:16:11,210 - paramiko.transport - DEBUG - Secsh channel 80 opened.
2025-03-06 11:16:11,212 - paramiko.transport - DEBUG - [chan 80] Sesch channel 80 request ok
2025-03-06 11:16:11,235 - paramiko.transport - DEBUG - [chan 80] EOF received (80)
2025-03-06 11:16:11,235 - paramiko.transport - DEBUG - [chan 80] EOF sent (80)
2025-03-06 11:16:11,236 - paramiko.transport - DEBUG - [chan 81] Max packet in: 32768 bytes
2025-03-06 11:16:11,286 - paramiko.transport - DEBUG - [chan 81] Max packet out: 32768 bytes
2025-03-06 11:16:11,286 - paramiko.transport - DEBUG - Secsh channel 81 opened.
2025-03-06 11:16:11,289 - paramiko.transport - DEBUG - [chan 81] Sesch channel 81 request ok
2025-03-06 11:16:11,308 - paramiko.transport - DEBUG - [chan 81] EOF received (81)
2025-03-06 11:16:11,308 - paramiko.transport - DEBUG - [chan 81] EOF sent (81)
2025-03-06 11:16:11,309 - paramiko.transport - DEBUG - [chan 82] Max packet in: 32768 bytes
2025-03-06 11:16:11,354 - paramiko.transport - DEBUG - [chan 82] Max packet out: 32768 bytes
2025-03-06 11:16:11,354 - paramiko.transport - DEBUG - Secsh channel 82 opened.
2025-03-06 11:16:11,356 - paramiko.transport - DEBUG - [chan 82] Sesch channel 82 request ok
2025-03-06 11:16:11,378 - paramiko.transport - DEBUG - [chan 82] EOF received (82)
2025-03-06 11:16:11,378 - paramiko.transport - DEBUG - [chan 82] EOF sent (82)
2025-03-06 11:16:11,379 - paramiko.transport - DEBUG - [chan 83] Max packet in: 32768 bytes
2025-03-06 11:16:11,426 - paramiko.transport - DEBUG - [chan 83] Max packet out: 32768 bytes
2025-03-06 11:16:11,426 - paramiko.transport - DEBUG - Secsh channel 83 opened.
2025-03-06 11:16:11,429 - paramiko.transport - DEBUG - [chan 83] Sesch channel 83 request ok
2025-03-06 11:16:11,448 - paramiko.transport - DEBUG - [chan 83] EOF received (83)
2025-03-06 11:16:11,448 - paramiko.transport - DEBUG - [chan 83] EOF sent (83)
2025-03-06 11:16:11,449 - paramiko.transport - DEBUG - [chan 84] Max packet in: 32768 bytes
2025-03-06 11:16:11,493 - paramiko.transport - DEBUG - [chan 84] Max packet out: 32768 bytes
2025-03-06 11:16:11,494 - paramiko.transport - DEBUG - Secsh channel 84 opened.
2025-03-06 11:16:11,496 - paramiko.transport - DEBUG - [chan 84] Sesch channel 84 request ok
2025-03-06 11:16:11,517 - paramiko.transport - DEBUG - [chan 84] EOF received (84)
2025-03-06 11:16:11,517 - paramiko.transport - DEBUG - [chan 84] EOF sent (84)
2025-03-06 11:16:11,518 - paramiko.transport - DEBUG - [chan 85] Max packet in: 32768 bytes
2025-03-06 11:16:11,566 - paramiko.transport - DEBUG - [chan 85] Max packet out: 32768 bytes
2025-03-06 11:16:11,566 - paramiko.transport - DEBUG - Secsh channel 85 opened.
2025-03-06 11:16:11,569 - paramiko.transport - DEBUG - [chan 85] Sesch channel 85 request ok
2025-03-06 11:16:11,591 - paramiko.transport - DEBUG - [chan 85] EOF received (85)
2025-03-06 11:16:11,591 - paramiko.transport - DEBUG - [chan 85] EOF sent (85)
2025-03-06 11:16:11,592 - paramiko.transport - DEBUG - [chan 86] Max packet in: 32768 bytes
2025-03-06 11:16:11,642 - paramiko.transport - DEBUG - [chan 86] Max packet out: 32768 bytes
2025-03-06 11:16:11,642 - paramiko.transport - DEBUG - Secsh channel 86 opened.
2025-03-06 11:16:11,645 - paramiko.transport - DEBUG - [chan 86] Sesch channel 86 request ok
2025-03-06 11:16:11,669 - paramiko.transport - DEBUG - [chan 86] EOF received (86)
2025-03-06 11:16:11,670 - paramiko.transport - DEBUG - [chan 86] EOF sent (86)
2025-03-06 11:16:11,670 - paramiko.transport - DEBUG - [chan 87] Max packet in: 32768 bytes
2025-03-06 11:16:11,718 - paramiko.transport - DEBUG - [chan 87] Max packet out: 32768 bytes
2025-03-06 11:16:11,718 - paramiko.transport - DEBUG - Secsh channel 87 opened.
2025-03-06 11:16:11,722 - paramiko.transport - DEBUG - [chan 87] Sesch channel 87 request ok
2025-03-06 11:16:11,754 - paramiko.transport - DEBUG - [chan 87] EOF received (87)
2025-03-06 11:16:11,754 - paramiko.transport - DEBUG - [chan 87] EOF sent (87)
2025-03-06 11:16:11,755 - paramiko.transport - DEBUG - [chan 88] Max packet in: 32768 bytes
2025-03-06 11:16:11,801 - paramiko.transport - DEBUG - [chan 88] Max packet out: 32768 bytes
2025-03-06 11:16:11,801 - paramiko.transport - DEBUG - Secsh channel 88 opened.
2025-03-06 11:16:11,806 - paramiko.transport - DEBUG - [chan 88] Sesch channel 88 request ok
2025-03-06 11:16:11,826 - paramiko.transport - DEBUG - [chan 88] EOF received (88)
2025-03-06 11:16:11,826 - paramiko.transport - DEBUG - [chan 88] EOF sent (88)
2025-03-06 11:16:11,827 - paramiko.transport - DEBUG - [chan 89] Max packet in: 32768 bytes
2025-03-06 11:16:11,870 - paramiko.transport - DEBUG - [chan 89] Max packet out: 32768 bytes
2025-03-06 11:16:11,870 - paramiko.transport - DEBUG - Secsh channel 89 opened.
2025-03-06 11:16:11,874 - paramiko.transport - DEBUG - [chan 89] Sesch channel 89 request ok
2025-03-06 11:16:11,894 - paramiko.transport - DEBUG - [chan 89] EOF received (89)
2025-03-06 11:16:11,894 - paramiko.transport - DEBUG - [chan 89] EOF sent (89)
2025-03-06 11:16:11,895 - paramiko.transport - DEBUG - [chan 90] Max packet in: 32768 bytes
2025-03-06 11:16:11,938 - paramiko.transport - DEBUG - [chan 90] Max packet out: 32768 bytes
2025-03-06 11:16:11,938 - paramiko.transport - DEBUG - Secsh channel 90 opened.
2025-03-06 11:16:11,942 - paramiko.transport - DEBUG - [chan 90] Sesch channel 90 request ok
2025-03-06 11:16:11,962 - paramiko.transport - DEBUG - [chan 90] EOF received (90)
2025-03-06 11:16:11,962 - paramiko.transport - DEBUG - [chan 90] EOF sent (90)
2025-03-06 11:16:11,963 - paramiko.transport - DEBUG - [chan 91] Max packet in: 32768 bytes
2025-03-06 11:16:12,010 - paramiko.transport - DEBUG - [chan 91] Max packet out: 32768 bytes
2025-03-06 11:16:12,011 - paramiko.transport - DEBUG - Secsh channel 91 opened.
2025-03-06 11:16:12,013 - paramiko.transport - DEBUG - [chan 91] Sesch channel 91 request ok
2025-03-06 11:16:12,035 - paramiko.transport - DEBUG - [chan 91] EOF received (91)
2025-03-06 11:16:12,035 - paramiko.transport - DEBUG - [chan 91] EOF sent (91)
2025-03-06 11:16:12,036 - paramiko.transport - DEBUG - [chan 92] Max packet in: 32768 bytes
2025-03-06 11:16:12,082 - paramiko.transport - DEBUG - [chan 92] Max packet out: 32768 bytes
2025-03-06 11:16:12,082 - paramiko.transport - DEBUG - Secsh channel 92 opened.
2025-03-06 11:16:12,085 - paramiko.transport - DEBUG - [chan 92] Sesch channel 92 request ok
2025-03-06 11:16:12,108 - paramiko.transport - DEBUG - [chan 92] EOF received (92)
2025-03-06 11:16:12,108 - paramiko.transport - DEBUG - [chan 92] EOF sent (92)
2025-03-06 11:16:12,109 - paramiko.transport - DEBUG - [chan 93] Max packet in: 32768 bytes
2025-03-06 11:16:12,158 - paramiko.transport - DEBUG - [chan 93] Max packet out: 32768 bytes
2025-03-06 11:16:12,158 - paramiko.transport - DEBUG - Secsh channel 93 opened.
2025-03-06 11:16:12,161 - paramiko.transport - DEBUG - [chan 93] Sesch channel 93 request ok
2025-03-06 11:16:12,181 - paramiko.transport - DEBUG - [chan 93] EOF received (93)
2025-03-06 11:16:12,181 - paramiko.transport - DEBUG - [chan 93] EOF sent (93)
2025-03-06 11:16:12,182 - paramiko.transport - DEBUG - [chan 94] Max packet in: 32768 bytes
2025-03-06 11:16:12,226 - paramiko.transport - DEBUG - [chan 94] Max packet out: 32768 bytes
2025-03-06 11:16:12,226 - paramiko.transport - DEBUG - Secsh channel 94 opened.
2025-03-06 11:16:12,229 - paramiko.transport - DEBUG - [chan 94] Sesch channel 94 request ok
2025-03-06 11:16:12,263 - paramiko.transport - DEBUG - [chan 94] EOF received (94)
2025-03-06 11:16:12,263 - paramiko.transport - DEBUG - [chan 94] EOF sent (94)
2025-03-06 11:16:12,264 - paramiko.transport - DEBUG - [chan 95] Max packet in: 32768 bytes
2025-03-06 11:16:12,310 - paramiko.transport - DEBUG - [chan 95] Max packet out: 32768 bytes
2025-03-06 11:16:12,310 - paramiko.transport - DEBUG - Secsh channel 95 opened.
2025-03-06 11:16:12,313 - paramiko.transport - DEBUG - [chan 95] Sesch channel 95 request ok
2025-03-06 11:16:12,332 - paramiko.transport - DEBUG - [chan 95] EOF received (95)
2025-03-06 11:16:12,332 - paramiko.transport - DEBUG - [chan 95] EOF sent (95)
2025-03-06 11:16:12,333 - paramiko.transport - DEBUG - [chan 96] Max packet in: 32768 bytes
2025-03-06 11:16:12,378 - paramiko.transport - DEBUG - [chan 96] Max packet out: 32768 bytes
2025-03-06 11:16:12,379 - paramiko.transport - DEBUG - Secsh channel 96 opened.
2025-03-06 11:16:12,382 - paramiko.transport - DEBUG - [chan 96] Sesch channel 96 request ok
2025-03-06 11:16:12,402 - paramiko.transport - DEBUG - [chan 96] EOF received (96)
2025-03-06 11:16:12,402 - paramiko.transport - DEBUG - [chan 96] EOF sent (96)
2025-03-06 11:16:12,403 - paramiko.transport - DEBUG - [chan 97] Max packet in: 32768 bytes
2025-03-06 11:16:12,446 - paramiko.transport - DEBUG - [chan 97] Max packet out: 32768 bytes
2025-03-06 11:16:12,447 - paramiko.transport - DEBUG - Secsh channel 97 opened.
2025-03-06 11:16:12,449 - paramiko.transport - DEBUG - [chan 97] Sesch channel 97 request ok
2025-03-06 11:16:12,467 - paramiko.transport - DEBUG - [chan 97] EOF received (97)
2025-03-06 11:16:12,467 - paramiko.transport - DEBUG - [chan 97] EOF sent (97)
2025-03-06 11:16:12,468 - paramiko.transport - DEBUG - [chan 98] Max packet in: 32768 bytes
2025-03-06 11:16:12,518 - paramiko.transport - DEBUG - [chan 98] Max packet out: 32768 bytes
2025-03-06 11:16:12,518 - paramiko.transport - DEBUG - Secsh channel 98 opened.
2025-03-06 11:16:12,521 - paramiko.transport - DEBUG - [chan 98] Sesch channel 98 request ok
2025-03-06 11:16:12,541 - paramiko.transport - DEBUG - [chan 98] EOF received (98)
2025-03-06 11:16:12,541 - paramiko.transport - DEBUG - [chan 98] EOF sent (98)
2025-03-06 11:16:12,542 - paramiko.transport - DEBUG - [chan 99] Max packet in: 32768 bytes
2025-03-06 11:16:12,590 - paramiko.transport - DEBUG - [chan 99] Max packet out: 32768 bytes
2025-03-06 11:16:12,590 - paramiko.transport - DEBUG - Secsh channel 99 opened.
2025-03-06 11:16:12,593 - paramiko.transport - DEBUG - [chan 99] Sesch channel 99 request ok
2025-03-06 11:16:12,617 - paramiko.transport - DEBUG - [chan 99] EOF received (99)
2025-03-06 11:16:12,617 - paramiko.transport - DEBUG - [chan 99] EOF sent (99)
2025-03-06 11:16:12,618 - paramiko.transport - DEBUG - [chan 100] Max packet in: 32768 bytes
2025-03-06 11:16:12,663 - paramiko.transport - DEBUG - [chan 100] Max packet out: 32768 bytes
2025-03-06 11:16:12,663 - paramiko.transport - DEBUG - Secsh channel 100 opened.
2025-03-06 11:16:12,667 - paramiko.transport - DEBUG - [chan 100] Sesch channel 100 request ok
2025-03-06 11:16:12,688 - paramiko.transport - DEBUG - [chan 100] EOF received (100)
2025-03-06 11:16:12,688 - paramiko.transport - DEBUG - [chan 100] EOF sent (100)
2025-03-06 11:16:12,689 - paramiko.transport - DEBUG - [chan 101] Max packet in: 32768 bytes
2025-03-06 11:16:12,738 - paramiko.transport - DEBUG - [chan 101] Max packet out: 32768 bytes
2025-03-06 11:16:12,739 - paramiko.transport - DEBUG - Secsh channel 101 opened.
2025-03-06 11:16:12,742 - paramiko.transport - DEBUG - [chan 101] Sesch channel 101 request ok
2025-03-06 11:16:12,762 - paramiko.transport - DEBUG - [chan 101] EOF received (101)
2025-03-06 11:16:12,762 - paramiko.transport - DEBUG - [chan 101] EOF sent (101)
2025-03-06 11:16:12,763 - paramiko.transport - DEBUG - [chan 102] Max packet in: 32768 bytes
2025-03-06 11:16:12,810 - paramiko.transport - DEBUG - [chan 102] Max packet out: 32768 bytes
2025-03-06 11:16:12,810 - paramiko.transport - DEBUG - Secsh channel 102 opened.
2025-03-06 11:16:12,813 - paramiko.transport - DEBUG - [chan 102] Sesch channel 102 request ok
2025-03-06 11:16:12,834 - paramiko.transport - DEBUG - [chan 102] EOF received (102)
2025-03-06 11:16:12,834 - paramiko.transport - DEBUG - [chan 102] EOF sent (102)
2025-03-06 11:16:12,836 - paramiko.transport - DEBUG - [chan 103] Max packet in: 32768 bytes
2025-03-06 11:16:12,882 - paramiko.transport - DEBUG - [chan 103] Max packet out: 32768 bytes
2025-03-06 11:16:12,882 - paramiko.transport - DEBUG - Secsh channel 103 opened.
2025-03-06 11:16:12,888 - paramiko.transport - DEBUG - [chan 103] Sesch channel 103 request ok
2025-03-06 11:16:12,907 - paramiko.transport - DEBUG - [chan 103] EOF received (103)
2025-03-06 11:16:12,907 - paramiko.transport - DEBUG - [chan 103] EOF sent (103)
2025-03-06 11:16:12,908 - paramiko.transport - DEBUG - [chan 104] Max packet in: 32768 bytes
2025-03-06 11:16:12,954 - paramiko.transport - DEBUG - [chan 104] Max packet out: 32768 bytes
2025-03-06 11:16:12,954 - paramiko.transport - DEBUG - Secsh channel 104 opened.
2025-03-06 11:16:12,956 - paramiko.transport - DEBUG - [chan 104] Sesch channel 104 request ok
2025-03-06 11:16:12,979 - paramiko.transport - DEBUG - [chan 104] EOF received (104)
2025-03-06 11:16:12,979 - paramiko.transport - DEBUG - [chan 104] EOF sent (104)
2025-03-06 11:16:12,980 - paramiko.transport - DEBUG - [chan 105] Max packet in: 32768 bytes
2025-03-06 11:16:13,026 - paramiko.transport - DEBUG - [chan 105] Max packet out: 32768 bytes
2025-03-06 11:16:13,026 - paramiko.transport - DEBUG - Secsh channel 105 opened.
2025-03-06 11:16:13,029 - paramiko.transport - DEBUG - [chan 105] Sesch channel 105 request ok
2025-03-06 11:16:13,047 - paramiko.transport - DEBUG - [chan 105] EOF received (105)
2025-03-06 11:16:13,048 - paramiko.transport - DEBUG - [chan 105] EOF sent (105)
2025-03-06 11:16:13,049 - paramiko.transport - DEBUG - [chan 106] Max packet in: 32768 bytes
2025-03-06 11:16:13,094 - paramiko.transport - DEBUG - [chan 106] Max packet out: 32768 bytes
2025-03-06 11:16:13,094 - paramiko.transport - DEBUG - Secsh channel 106 opened.
2025-03-06 11:16:13,097 - paramiko.transport - DEBUG - [chan 106] Sesch channel 106 request ok
2025-03-06 11:16:13,125 - paramiko.transport - DEBUG - [chan 106] EOF received (106)
2025-03-06 11:16:13,125 - paramiko.transport - DEBUG - [chan 106] EOF sent (106)
2025-03-06 11:16:13,126 - paramiko.transport - DEBUG - [chan 107] Max packet in: 32768 bytes
2025-03-06 11:16:13,174 - paramiko.transport - DEBUG - [chan 107] Max packet out: 32768 bytes
2025-03-06 11:16:13,174 - paramiko.transport - DEBUG - Secsh channel 107 opened.
2025-03-06 11:16:13,177 - paramiko.transport - DEBUG - [chan 107] Sesch channel 107 request ok
2025-03-06 11:16:13,197 - paramiko.transport - DEBUG - [chan 107] EOF received (107)
2025-03-06 11:16:13,197 - paramiko.transport - DEBUG - [chan 107] EOF sent (107)
2025-03-06 11:16:13,198 - paramiko.transport - DEBUG - [chan 108] Max packet in: 32768 bytes
2025-03-06 11:16:13,246 - paramiko.transport - DEBUG - [chan 108] Max packet out: 32768 bytes
2025-03-06 11:16:13,246 - paramiko.transport - DEBUG - Secsh channel 108 opened.
2025-03-06 11:16:13,249 - paramiko.transport - DEBUG - [chan 108] Sesch channel 108 request ok
2025-03-06 11:16:13,268 - paramiko.transport - DEBUG - [chan 108] EOF received (108)
2025-03-06 11:16:13,269 - paramiko.transport - DEBUG - [chan 108] EOF sent (108)
2025-03-06 11:16:13,269 - paramiko.transport - DEBUG - [chan 109] Max packet in: 32768 bytes
2025-03-06 11:16:13,318 - paramiko.transport - DEBUG - [chan 109] Max packet out: 32768 bytes
2025-03-06 11:16:13,318 - paramiko.transport - DEBUG - Secsh channel 109 opened.
2025-03-06 11:16:13,321 - paramiko.transport - DEBUG - [chan 109] Sesch channel 109 request ok
2025-03-06 11:16:13,343 - paramiko.transport - DEBUG - [chan 109] EOF received (109)
2025-03-06 11:16:13,343 - paramiko.transport - DEBUG - [chan 109] EOF sent (109)
2025-03-06 11:16:13,344 - paramiko.transport - DEBUG - [chan 110] Max packet in: 32768 bytes
2025-03-06 11:16:13,393 - paramiko.transport - DEBUG - [chan 110] Max packet out: 32768 bytes
2025-03-06 11:16:13,394 - paramiko.transport - DEBUG - Secsh channel 110 opened.
2025-03-06 11:16:13,397 - paramiko.transport - DEBUG - [chan 110] Sesch channel 110 request ok
2025-03-06 11:16:13,417 - paramiko.transport - DEBUG - [chan 110] EOF received (110)
2025-03-06 11:16:13,417 - paramiko.transport - DEBUG - [chan 110] EOF sent (110)
2025-03-06 11:16:13,418 - paramiko.transport - DEBUG - [chan 111] Max packet in: 32768 bytes
2025-03-06 11:16:13,466 - paramiko.transport - DEBUG - [chan 111] Max packet out: 32768 bytes
2025-03-06 11:16:13,467 - paramiko.transport - DEBUG - Secsh channel 111 opened.
2025-03-06 11:16:13,470 - paramiko.transport - DEBUG - [chan 111] Sesch channel 111 request ok
2025-03-06 11:16:13,488 - paramiko.transport - DEBUG - [chan 111] EOF received (111)
2025-03-06 11:16:13,488 - paramiko.transport - DEBUG - [chan 111] EOF sent (111)
2025-03-06 11:16:13,489 - paramiko.transport - DEBUG - [chan 112] Max packet in: 32768 bytes
2025-03-06 11:16:13,538 - paramiko.transport - DEBUG - [chan 112] Max packet out: 32768 bytes
2025-03-06 11:16:13,538 - paramiko.transport - DEBUG - Secsh channel 112 opened.
2025-03-06 11:16:13,541 - paramiko.transport - DEBUG - [chan 112] Sesch channel 112 request ok
2025-03-06 11:16:13,563 - paramiko.transport - DEBUG - [chan 112] EOF received (112)
2025-03-06 11:16:13,563 - paramiko.transport - DEBUG - [chan 112] EOF sent (112)
2025-03-06 11:16:13,564 - paramiko.transport - DEBUG - [chan 113] Max packet in: 32768 bytes
2025-03-06 11:16:13,613 - paramiko.transport - DEBUG - [chan 113] Max packet out: 32768 bytes
2025-03-06 11:16:13,614 - paramiko.transport - DEBUG - Secsh channel 113 opened.
2025-03-06 11:16:13,617 - paramiko.transport - DEBUG - [chan 113] Sesch channel 113 request ok
2025-03-06 11:16:13,637 - paramiko.transport - DEBUG - [chan 113] EOF received (113)
2025-03-06 11:16:13,637 - paramiko.transport - DEBUG - [chan 113] EOF sent (113)
2025-03-06 11:16:13,638 - paramiko.transport - DEBUG - [chan 114] Max packet in: 32768 bytes
2025-03-06 11:16:13,685 - paramiko.transport - DEBUG - [chan 114] Max packet out: 32768 bytes
2025-03-06 11:16:13,686 - paramiko.transport - DEBUG - Secsh channel 114 opened.
2025-03-06 11:16:13,688 - paramiko.transport - DEBUG - [chan 114] Sesch channel 114 request ok
2025-03-06 11:16:13,709 - paramiko.transport - DEBUG - [chan 114] EOF received (114)
2025-03-06 11:16:13,709 - paramiko.transport - DEBUG - [chan 114] EOF sent (114)
2025-03-06 11:16:13,710 - paramiko.transport - DEBUG - [chan 115] Max packet in: 32768 bytes
2025-03-06 11:16:13,753 - paramiko.transport - DEBUG - [chan 115] Max packet out: 32768 bytes
2025-03-06 11:16:13,753 - paramiko.transport - DEBUG - Secsh channel 115 opened.
2025-03-06 11:16:13,757 - paramiko.transport - DEBUG - [chan 115] Sesch channel 115 request ok
2025-03-06 11:16:13,780 - paramiko.transport - DEBUG - [chan 115] EOF received (115)
2025-03-06 11:16:13,780 - paramiko.transport - DEBUG - [chan 115] EOF sent (115)
2025-03-06 11:16:13,781 - paramiko.transport - DEBUG - [chan 116] Max packet in: 32768 bytes
2025-03-06 11:16:13,825 - paramiko.transport - DEBUG - [chan 116] Max packet out: 32768 bytes
2025-03-06 11:16:13,826 - paramiko.transport - DEBUG - Secsh channel 116 opened.
2025-03-06 11:16:13,829 - paramiko.transport - DEBUG - [chan 116] Sesch channel 116 request ok
2025-03-06 11:16:13,847 - paramiko.transport - DEBUG - [chan 116] EOF received (116)
2025-03-06 11:16:13,848 - paramiko.transport - DEBUG - [chan 116] EOF sent (116)
2025-03-06 11:16:13,849 - paramiko.transport - DEBUG - [chan 117] Max packet in: 32768 bytes
2025-03-06 11:16:13,894 - paramiko.transport - DEBUG - [chan 117] Max packet out: 32768 bytes
2025-03-06 11:16:13,894 - paramiko.transport - DEBUG - Secsh channel 117 opened.
2025-03-06 11:16:13,897 - paramiko.transport - DEBUG - [chan 117] Sesch channel 117 request ok
2025-03-06 11:16:13,920 - paramiko.transport - DEBUG - [chan 117] EOF received (117)
2025-03-06 11:16:13,921 - paramiko.transport - DEBUG - [chan 117] EOF sent (117)
2025-03-06 11:16:15,504 - paramiko.transport - DEBUG - EOF in transport thread
