2025-03-06 11:17:21,644 - paramiko.transport - DEBUG - starting thread (client mode): 0xedf8a2d0
2025-03-06 11:17:21,645 - paramiko.transport - DEBUG - Local version/idstring: SSH-2.0-paramiko_3.4.0
2025-03-06 11:17:21,660 - paramiko.transport - DEBUG - Remote version/idstring: SSH-2.0-OpenSSH_8.9p1 Ubuntu-3ubuntu0.10
2025-03-06 11:17:21,660 - paramiko.transport - INFO - Connected (version 2.0, client OpenSSH_8.9p1)
2025-03-06 11:17:21,668 - paramiko.transport - DEBUG - === Key exchange possibilities ===
2025-03-06 11:17:21,669 - paramiko.transport - DEBUG - kex algos: curve25519-sha256, curve25519-sha256@libssh.org, ecdh-sha2-nistp256, ecdh-sha2-nistp384, ecdh-sha2-nistp521, sntrup761x25519-sha512@openssh.com, diffie-hellman-group-exchange-sha256, diffie-hellman-group16-sha512, diffie-hellman-group18-sha512, diffie-hellman-group14-sha256, kex-strict-s-v00@openssh.com
2025-03-06 11:17:21,671 - paramiko.transport - DEBUG - server key: rsa-sha2-512, rsa-sha2-256, ecdsa-sha2-nistp256, ssh-ed25519
2025-03-06 11:17:21,671 - paramiko.transport - DEBUG - client encrypt: chacha20-poly1305@openssh.com, aes128-ctr, aes192-ctr, aes256-ctr, aes128-gcm@openssh.com, aes256-gcm@openssh.com
2025-03-06 11:17:21,671 - paramiko.transport - DEBUG - server encrypt: chacha20-poly1305@openssh.com, aes128-ctr, aes192-ctr, aes256-ctr, aes128-gcm@openssh.com, aes256-gcm@openssh.com
2025-03-06 11:17:21,671 - paramiko.transport - DEBUG - client mac: umac-64-etm@openssh.com, umac-128-etm@openssh.com, hmac-sha2-256-etm@openssh.com, hmac-sha2-512-etm@openssh.com, hmac-sha1-etm@openssh.com, umac-64@openssh.com, umac-128@openssh.com, hmac-sha2-256, hmac-sha2-512, hmac-sha1
2025-03-06 11:17:21,671 - paramiko.transport - DEBUG - server mac: umac-64-etm@openssh.com, umac-128-etm@openssh.com, hmac-sha2-256-etm@openssh.com, hmac-sha2-512-etm@openssh.com, hmac-sha1-etm@openssh.com, umac-64@openssh.com, umac-128@openssh.com, hmac-sha2-256, hmac-sha2-512, hmac-sha1
2025-03-06 11:17:21,671 - paramiko.transport - DEBUG - client compress: none, zlib@openssh.com
2025-03-06 11:17:21,671 - paramiko.transport - DEBUG - server compress: none, zlib@openssh.com
2025-03-06 11:17:21,671 - paramiko.transport - DEBUG - client lang: <none>
2025-03-06 11:17:21,671 - paramiko.transport - DEBUG - server lang: <none>
2025-03-06 11:17:21,671 - paramiko.transport - DEBUG - kex follows: False
2025-03-06 11:17:21,671 - paramiko.transport - DEBUG - === Key exchange agreements ===
2025-03-06 11:17:21,671 - paramiko.transport - DEBUG - Strict kex mode: True
2025-03-06 11:17:21,671 - paramiko.transport - DEBUG - Kex: curve25519-sha256@libssh.org
2025-03-06 11:17:21,671 - paramiko.transport - DEBUG - HostKey: ssh-ed25519
2025-03-06 11:17:21,672 - paramiko.transport - DEBUG - Cipher: aes128-ctr
2025-03-06 11:17:21,672 - paramiko.transport - DEBUG - MAC: hmac-sha2-256
2025-03-06 11:17:21,672 - paramiko.transport - DEBUG - Compression: none
2025-03-06 11:17:21,672 - paramiko.transport - DEBUG - === End of kex handshake ===
2025-03-06 11:17:21,685 - paramiko.transport - DEBUG - Resetting outbound seqno after NEWKEYS due to strict mode
2025-03-06 11:17:21,685 - paramiko.transport - DEBUG - kex engine KexCurve25519 specified hash_algo <built-in function openssl_sha256>
2025-03-06 11:17:21,685 - paramiko.transport - DEBUG - Switch to new keys ...
2025-03-06 11:17:21,686 - paramiko.transport - DEBUG - Resetting inbound seqno after NEWKEYS due to strict mode
2025-03-06 11:17:21,686 - paramiko.transport - DEBUG - Adding ssh-ed25519 host key for 172.16.177.79: b'0ef4aea12ef224e7f04edc31b79b501a'
2025-03-06 11:17:21,686 - paramiko.transport - DEBUG - Got EXT_INFO: {'server-sig-algs': b'ssh-ed25519,sk-ssh-ed25519@openssh.com,ssh-rsa,rsa-sha2-256,rsa-sha2-512,ssh-dss,ecdsa-sha2-nistp256,ecdsa-sha2-nistp384,ecdsa-sha2-nistp521,sk-ecdsa-sha2-nistp256@openssh.com,webauthn-sk-ecdsa-sha2-nistp256@openssh.com', 'publickey-hostbound@openssh.com': b'0'}
2025-03-06 11:17:21,734 - paramiko.transport - DEBUG - userauth is OK
2025-03-06 11:17:21,810 - paramiko.transport - INFO - Authentication (password) successful!
2025-03-06 11:17:21,811 - paramiko.transport - DEBUG - [chan 0] Max packet in: 32768 bytes
2025-03-06 11:17:22,022 - paramiko.transport - DEBUG - Received global request "hostkeys-00@openssh.com"
2025-03-06 11:17:22,023 - paramiko.transport - DEBUG - Rejecting "hostkeys-00@openssh.com" global request from server.
2025-03-06 11:17:22,064 - paramiko.transport - DEBUG - [chan 0] Max packet out: 32768 bytes
2025-03-06 11:17:22,065 - paramiko.transport - DEBUG - Secsh channel 0 opened.
2025-03-06 11:17:22,068 - paramiko.transport - DEBUG - [chan 0] Sesch channel 0 request ok
2025-03-06 11:17:22,070 - paramiko.transport - DEBUG - [chan 0] EOF received (0)
2025-03-06 11:17:22,071 - paramiko.transport - DEBUG - [chan 1] Max packet in: 32768 bytes
2025-03-06 11:17:22,071 - paramiko.transport - DEBUG - [chan 0] EOF sent (0)
2025-03-06 11:17:22,073 - paramiko.transport - DEBUG - [chan 1] Max packet out: 32768 bytes
2025-03-06 11:17:22,073 - paramiko.transport - DEBUG - Secsh channel 1 opened.
2025-03-06 11:17:22,120 - paramiko.transport - DEBUG - [chan 1] Sesch channel 1 request ok
2025-03-06 11:17:22,125 - paramiko.transport - DEBUG - [chan 1] EOF received (1)
2025-03-06 11:17:22,126 - paramiko.transport - DEBUG - [chan 1] EOF sent (1)
2025-03-06 11:17:22,126 - paramiko.transport - DEBUG - [chan 2] Max packet in: 32768 bytes
2025-03-06 11:17:22,174 - paramiko.transport - DEBUG - [chan 2] Max packet out: 32768 bytes
2025-03-06 11:17:22,175 - paramiko.transport - DEBUG - Secsh channel 2 opened.
2025-03-06 11:17:22,178 - paramiko.transport - DEBUG - [chan 2] Sesch channel 2 request ok
2025-03-06 11:17:22,195 - paramiko.transport - DEBUG - [chan 2] EOF received (2)
2025-03-06 11:17:22,195 - paramiko.transport - DEBUG - [chan 2] EOF sent (2)
2025-03-06 11:17:22,196 - paramiko.transport - DEBUG - [chan 3] Max packet in: 32768 bytes
2025-03-06 11:17:22,246 - paramiko.transport - DEBUG - [chan 3] Max packet out: 32768 bytes
2025-03-06 11:17:22,246 - paramiko.transport - DEBUG - Secsh channel 3 opened.
2025-03-06 11:17:22,250 - paramiko.transport - DEBUG - [chan 3] Sesch channel 3 request ok
2025-03-06 11:17:22,265 - paramiko.transport - DEBUG - [chan 3] EOF received (3)
2025-03-06 11:17:22,266 - paramiko.transport - DEBUG - [chan 3] EOF sent (3)
2025-03-06 11:17:22,266 - paramiko.transport - DEBUG - [chan 4] Max packet in: 32768 bytes
2025-03-06 11:17:22,311 - paramiko.transport - DEBUG - [chan 4] Max packet out: 32768 bytes
2025-03-06 11:17:22,311 - paramiko.transport - DEBUG - Secsh channel 4 opened.
2025-03-06 11:17:22,314 - paramiko.transport - DEBUG - [chan 4] Sesch channel 4 request ok
2025-03-06 11:17:22,317 - paramiko.transport - DEBUG - [chan 4] EOF received (4)
2025-03-06 11:17:22,317 - paramiko.transport - DEBUG - [chan 5] Max packet in: 32768 bytes
2025-03-06 11:17:22,317 - paramiko.transport - DEBUG - [chan 4] EOF sent (4)
2025-03-06 11:17:22,319 - paramiko.transport - DEBUG - [chan 5] Max packet out: 32768 bytes
2025-03-06 11:17:22,319 - paramiko.transport - DEBUG - Secsh channel 5 opened.
2025-03-06 11:17:22,364 - paramiko.transport - DEBUG - [chan 5] Sesch channel 5 request ok
2025-03-06 11:17:22,369 - paramiko.transport - DEBUG - [chan 5] EOF received (5)
2025-03-06 11:17:22,370 - paramiko.transport - DEBUG - [chan 5] EOF sent (5)
2025-03-06 11:17:22,371 - paramiko.transport - DEBUG - [chan 6] Max packet in: 32768 bytes
2025-03-06 11:17:22,419 - paramiko.transport - DEBUG - [chan 6] Max packet out: 32768 bytes
2025-03-06 11:17:22,419 - paramiko.transport - DEBUG - Secsh channel 6 opened.
2025-03-06 11:17:22,423 - paramiko.transport - DEBUG - [chan 6] Sesch channel 6 request ok
2025-03-06 11:17:22,445 - paramiko.transport - DEBUG - [chan 6] EOF received (6)
2025-03-06 11:17:22,445 - paramiko.transport - DEBUG - [chan 6] EOF sent (6)
2025-03-06 11:17:22,445 - paramiko.transport - DEBUG - [chan 7] Max packet in: 32768 bytes
2025-03-06 11:17:22,490 - paramiko.transport - DEBUG - [chan 7] Max packet out: 32768 bytes
2025-03-06 11:17:22,490 - paramiko.transport - DEBUG - Secsh channel 7 opened.
2025-03-06 11:17:22,494 - paramiko.transport - DEBUG - [chan 7] Sesch channel 7 request ok
2025-03-06 11:17:22,512 - paramiko.transport - DEBUG - [chan 7] EOF received (7)
2025-03-06 11:17:22,512 - paramiko.transport - DEBUG - [chan 7] EOF sent (7)
2025-03-06 11:17:22,513 - paramiko.transport - DEBUG - [chan 8] Max packet in: 32768 bytes
2025-03-06 11:17:22,562 - paramiko.transport - DEBUG - [chan 8] Max packet out: 32768 bytes
2025-03-06 11:17:22,562 - paramiko.transport - DEBUG - Secsh channel 8 opened.
2025-03-06 11:17:22,565 - paramiko.transport - DEBUG - [chan 8] Sesch channel 8 request ok
2025-03-06 11:17:22,586 - paramiko.transport - DEBUG - [chan 8] EOF received (8)
2025-03-06 11:17:22,586 - paramiko.transport - DEBUG - [chan 8] EOF sent (8)
2025-03-06 11:17:22,587 - paramiko.transport - DEBUG - [chan 9] Max packet in: 32768 bytes
2025-03-06 11:17:22,630 - paramiko.transport - DEBUG - [chan 9] Max packet out: 32768 bytes
2025-03-06 11:17:22,631 - paramiko.transport - DEBUG - Secsh channel 9 opened.
2025-03-06 11:17:22,634 - paramiko.transport - DEBUG - [chan 9] Sesch channel 9 request ok
2025-03-06 11:17:22,651 - paramiko.transport - DEBUG - [chan 9] EOF received (9)
2025-03-06 11:17:22,651 - paramiko.transport - DEBUG - [chan 9] EOF sent (9)
2025-03-06 11:17:22,652 - paramiko.transport - DEBUG - [chan 10] Max packet in: 32768 bytes
2025-03-06 11:17:22,700 - paramiko.transport - DEBUG - [chan 10] Max packet out: 32768 bytes
2025-03-06 11:17:22,701 - paramiko.transport - DEBUG - Secsh channel 10 opened.
2025-03-06 11:17:22,703 - paramiko.transport - DEBUG - [chan 10] Sesch channel 10 request ok
2025-03-06 11:17:22,719 - paramiko.transport - DEBUG - [chan 10] EOF received (10)
2025-03-06 11:17:22,720 - paramiko.transport - DEBUG - [chan 10] EOF sent (10)
2025-03-06 11:17:22,720 - paramiko.transport - DEBUG - [chan 11] Max packet in: 32768 bytes
2025-03-06 11:17:22,771 - paramiko.transport - DEBUG - [chan 11] Max packet out: 32768 bytes
2025-03-06 11:17:22,771 - paramiko.transport - DEBUG - Secsh channel 11 opened.
2025-03-06 11:17:22,774 - paramiko.transport - DEBUG - [chan 11] Sesch channel 11 request ok
2025-03-06 11:17:22,788 - paramiko.transport - DEBUG - [chan 11] EOF received (11)
2025-03-06 11:17:22,788 - paramiko.transport - DEBUG - [chan 11] EOF sent (11)
2025-03-06 11:17:22,789 - paramiko.transport - DEBUG - [chan 12] Max packet in: 32768 bytes
2025-03-06 11:17:22,838 - paramiko.transport - DEBUG - [chan 12] Max packet out: 32768 bytes
2025-03-06 11:17:22,838 - paramiko.transport - DEBUG - Secsh channel 12 opened.
2025-03-06 11:17:22,842 - paramiko.transport - DEBUG - [chan 12] Sesch channel 12 request ok
2025-03-06 11:17:22,856 - paramiko.transport - DEBUG - [chan 12] EOF received (12)
2025-03-06 11:17:22,856 - paramiko.transport - DEBUG - [chan 12] EOF sent (12)
2025-03-06 11:17:22,857 - paramiko.transport - DEBUG - [chan 13] Max packet in: 32768 bytes
2025-03-06 11:17:22,903 - paramiko.transport - DEBUG - [chan 13] Max packet out: 32768 bytes
2025-03-06 11:17:22,903 - paramiko.transport - DEBUG - Secsh channel 13 opened.
2025-03-06 11:17:22,906 - paramiko.transport - DEBUG - [chan 13] Sesch channel 13 request ok
2025-03-06 11:17:22,921 - paramiko.transport - DEBUG - [chan 13] EOF received (13)
2025-03-06 11:17:22,921 - paramiko.transport - DEBUG - [chan 13] EOF sent (13)
2025-03-06 11:17:22,933 - paramiko.transport - DEBUG - [chan 14] Max packet in: 32768 bytes
2025-03-06 11:17:22,970 - paramiko.transport - DEBUG - [chan 14] Max packet out: 32768 bytes
2025-03-06 11:17:22,971 - paramiko.transport - DEBUG - Secsh channel 14 opened.
2025-03-06 11:17:22,975 - paramiko.transport - DEBUG - [chan 14] Sesch channel 14 request ok
2025-03-06 11:17:22,993 - paramiko.transport - DEBUG - [chan 14] EOF received (14)
2025-03-06 11:17:22,993 - paramiko.transport - DEBUG - [chan 14] EOF sent (14)
2025-03-06 11:17:22,994 - paramiko.transport - DEBUG - [chan 15] Max packet in: 32768 bytes
2025-03-06 11:17:23,038 - paramiko.transport - DEBUG - [chan 15] Max packet out: 32768 bytes
2025-03-06 11:17:23,038 - paramiko.transport - DEBUG - Secsh channel 15 opened.
2025-03-06 11:17:23,041 - paramiko.transport - DEBUG - [chan 15] Sesch channel 15 request ok
2025-03-06 11:17:23,056 - paramiko.transport - DEBUG - [chan 15] EOF received (15)
2025-03-06 11:17:23,056 - paramiko.transport - DEBUG - [chan 15] EOF sent (15)
2025-03-06 11:17:23,057 - paramiko.transport - DEBUG - [chan 16] Max packet in: 32768 bytes
2025-03-06 11:17:23,102 - paramiko.transport - DEBUG - [chan 16] Max packet out: 32768 bytes
2025-03-06 11:17:23,102 - paramiko.transport - DEBUG - Secsh channel 16 opened.
2025-03-06 11:17:23,105 - paramiko.transport - DEBUG - [chan 16] Sesch channel 16 request ok
2025-03-06 11:17:23,122 - paramiko.transport - DEBUG - [chan 16] EOF received (16)
2025-03-06 11:17:23,123 - paramiko.transport - DEBUG - [chan 16] EOF sent (16)
2025-03-06 11:17:23,124 - paramiko.transport - DEBUG - [chan 17] Max packet in: 32768 bytes
2025-03-06 11:17:23,170 - paramiko.transport - DEBUG - [chan 17] Max packet out: 32768 bytes
2025-03-06 11:17:23,170 - paramiko.transport - DEBUG - Secsh channel 17 opened.
2025-03-06 11:17:23,173 - paramiko.transport - DEBUG - [chan 17] Sesch channel 17 request ok
2025-03-06 11:17:23,193 - paramiko.transport - DEBUG - [chan 17] EOF received (17)
2025-03-06 11:17:23,193 - paramiko.transport - DEBUG - [chan 17] EOF sent (17)
2025-03-06 11:17:23,194 - paramiko.transport - DEBUG - [chan 18] Max packet in: 32768 bytes
2025-03-06 11:17:23,239 - paramiko.transport - DEBUG - [chan 18] Max packet out: 32768 bytes
2025-03-06 11:17:23,239 - paramiko.transport - DEBUG - Secsh channel 18 opened.
2025-03-06 11:17:23,243 - paramiko.transport - DEBUG - [chan 18] Sesch channel 18 request ok
2025-03-06 11:17:23,262 - paramiko.transport - DEBUG - [chan 18] EOF received (18)
2025-03-06 11:17:23,262 - paramiko.transport - DEBUG - [chan 18] EOF sent (18)
2025-03-06 11:17:23,263 - paramiko.transport - DEBUG - [chan 19] Max packet in: 32768 bytes
2025-03-06 11:17:23,306 - paramiko.transport - DEBUG - [chan 19] Max packet out: 32768 bytes
2025-03-06 11:17:23,306 - paramiko.transport - DEBUG - Secsh channel 19 opened.
2025-03-06 11:17:23,309 - paramiko.transport - DEBUG - [chan 19] Sesch channel 19 request ok
2025-03-06 11:17:23,323 - paramiko.transport - DEBUG - [chan 19] EOF received (19)
2025-03-06 11:17:23,324 - paramiko.transport - DEBUG - [chan 19] EOF sent (19)
2025-03-06 11:17:23,324 - paramiko.transport - DEBUG - [chan 20] Max packet in: 32768 bytes
2025-03-06 11:17:23,375 - paramiko.transport - DEBUG - [chan 20] Max packet out: 32768 bytes
2025-03-06 11:17:23,375 - paramiko.transport - DEBUG - Secsh channel 20 opened.
2025-03-06 11:17:23,378 - paramiko.transport - DEBUG - [chan 20] Sesch channel 20 request ok
2025-03-06 11:17:23,400 - paramiko.transport - DEBUG - [chan 20] EOF received (20)
2025-03-06 11:17:23,400 - paramiko.transport - DEBUG - [chan 20] EOF sent (20)
2025-03-06 11:17:23,401 - paramiko.transport - DEBUG - [chan 21] Max packet in: 32768 bytes
2025-03-06 11:17:23,451 - paramiko.transport - DEBUG - [chan 21] Max packet out: 32768 bytes
2025-03-06 11:17:23,451 - paramiko.transport - DEBUG - Secsh channel 21 opened.
2025-03-06 11:17:23,455 - paramiko.transport - DEBUG - [chan 21] Sesch channel 21 request ok
2025-03-06 11:17:23,473 - paramiko.transport - DEBUG - [chan 21] EOF received (21)
2025-03-06 11:17:23,474 - paramiko.transport - DEBUG - [chan 21] EOF sent (21)
2025-03-06 11:17:23,475 - paramiko.transport - DEBUG - [chan 22] Max packet in: 32768 bytes
2025-03-06 11:17:23,518 - paramiko.transport - DEBUG - [chan 22] Max packet out: 32768 bytes
2025-03-06 11:17:23,519 - paramiko.transport - DEBUG - Secsh channel 22 opened.
2025-03-06 11:17:23,522 - paramiko.transport - DEBUG - [chan 22] Sesch channel 22 request ok
2025-03-06 11:17:23,541 - paramiko.transport - DEBUG - [chan 22] EOF received (22)
2025-03-06 11:17:23,541 - paramiko.transport - DEBUG - [chan 22] EOF sent (22)
2025-03-06 11:17:23,542 - paramiko.transport - DEBUG - [chan 23] Max packet in: 32768 bytes
2025-03-06 11:17:23,590 - paramiko.transport - DEBUG - [chan 23] Max packet out: 32768 bytes
2025-03-06 11:17:23,591 - paramiko.transport - DEBUG - Secsh channel 23 opened.
2025-03-06 11:17:23,594 - paramiko.transport - DEBUG - [chan 23] Sesch channel 23 request ok
2025-03-06 11:17:23,611 - paramiko.transport - DEBUG - [chan 23] EOF received (23)
2025-03-06 11:17:23,611 - paramiko.transport - DEBUG - [chan 23] EOF sent (23)
2025-03-06 11:17:23,613 - paramiko.transport - DEBUG - [chan 24] Max packet in: 32768 bytes
2025-03-06 11:17:23,662 - paramiko.transport - DEBUG - [chan 24] Max packet out: 32768 bytes
2025-03-06 11:17:23,662 - paramiko.transport - DEBUG - Secsh channel 24 opened.
2025-03-06 11:17:23,666 - paramiko.transport - DEBUG - [chan 24] Sesch channel 24 request ok
2025-03-06 11:17:23,684 - paramiko.transport - DEBUG - [chan 24] EOF received (24)
2025-03-06 11:17:23,684 - paramiko.transport - DEBUG - [chan 24] EOF sent (24)
2025-03-06 11:17:23,685 - paramiko.transport - DEBUG - [chan 25] Max packet in: 32768 bytes
2025-03-06 11:17:23,734 - paramiko.transport - DEBUG - [chan 25] Max packet out: 32768 bytes
2025-03-06 11:17:23,734 - paramiko.transport - DEBUG - Secsh channel 25 opened.
2025-03-06 11:17:23,738 - paramiko.transport - DEBUG - [chan 25] Sesch channel 25 request ok
2025-03-06 11:17:23,756 - paramiko.transport - DEBUG - [chan 25] EOF received (25)
2025-03-06 11:17:23,756 - paramiko.transport - DEBUG - [chan 25] EOF sent (25)
2025-03-06 11:17:23,757 - paramiko.transport - DEBUG - [chan 26] Max packet in: 32768 bytes
2025-03-06 11:17:23,807 - paramiko.transport - DEBUG - [chan 26] Max packet out: 32768 bytes
2025-03-06 11:17:23,807 - paramiko.transport - DEBUG - Secsh channel 26 opened.
2025-03-06 11:17:23,810 - paramiko.transport - DEBUG - [chan 26] Sesch channel 26 request ok
2025-03-06 11:17:23,827 - paramiko.transport - DEBUG - [chan 26] EOF received (26)
2025-03-06 11:17:23,827 - paramiko.transport - DEBUG - [chan 26] EOF sent (26)
2025-03-06 11:17:23,829 - paramiko.transport - DEBUG - [chan 27] Max packet in: 32768 bytes
2025-03-06 11:17:23,879 - paramiko.transport - DEBUG - [chan 27] Max packet out: 32768 bytes
2025-03-06 11:17:23,879 - paramiko.transport - DEBUG - Secsh channel 27 opened.
2025-03-06 11:17:23,882 - paramiko.transport - DEBUG - [chan 27] Sesch channel 27 request ok
2025-03-06 11:17:23,897 - paramiko.transport - DEBUG - [chan 27] EOF received (27)
2025-03-06 11:17:23,897 - paramiko.transport - DEBUG - [chan 27] EOF sent (27)
2025-03-06 11:17:23,898 - paramiko.transport - DEBUG - [chan 28] Max packet in: 32768 bytes
2025-03-06 11:17:23,942 - paramiko.transport - DEBUG - [chan 28] Max packet out: 32768 bytes
2025-03-06 11:17:23,943 - paramiko.transport - DEBUG - Secsh channel 28 opened.
2025-03-06 11:17:23,946 - paramiko.transport - DEBUG - [chan 28] Sesch channel 28 request ok
2025-03-06 11:17:23,965 - paramiko.transport - DEBUG - [chan 28] EOF received (28)
2025-03-06 11:17:23,965 - paramiko.transport - DEBUG - [chan 28] EOF sent (28)
2025-03-06 11:17:23,966 - paramiko.transport - DEBUG - [chan 29] Max packet in: 32768 bytes
2025-03-06 11:17:24,014 - paramiko.transport - DEBUG - [chan 29] Max packet out: 32768 bytes
2025-03-06 11:17:24,014 - paramiko.transport - DEBUG - Secsh channel 29 opened.
2025-03-06 11:17:24,017 - paramiko.transport - DEBUG - [chan 29] Sesch channel 29 request ok
2025-03-06 11:17:24,037 - paramiko.transport - DEBUG - [chan 29] EOF received (29)
2025-03-06 11:17:24,037 - paramiko.transport - DEBUG - [chan 29] EOF sent (29)
2025-03-06 11:17:24,038 - paramiko.transport - DEBUG - [chan 30] Max packet in: 32768 bytes
2025-03-06 11:17:24,085 - paramiko.transport - DEBUG - [chan 30] Max packet out: 32768 bytes
2025-03-06 11:17:24,085 - paramiko.transport - DEBUG - Secsh channel 30 opened.
2025-03-06 11:17:24,087 - paramiko.transport - DEBUG - [chan 30] Sesch channel 30 request ok
2025-03-06 11:17:24,104 - paramiko.transport - DEBUG - [chan 30] EOF received (30)
2025-03-06 11:17:24,104 - paramiko.transport - DEBUG - [chan 30] EOF sent (30)
2025-03-06 11:17:24,105 - paramiko.transport - DEBUG - [chan 31] Max packet in: 32768 bytes
2025-03-06 11:17:24,151 - paramiko.transport - DEBUG - [chan 31] Max packet out: 32768 bytes
2025-03-06 11:17:24,151 - paramiko.transport - DEBUG - Secsh channel 31 opened.
2025-03-06 11:17:24,154 - paramiko.transport - DEBUG - [chan 31] Sesch channel 31 request ok
2025-03-06 11:17:24,174 - paramiko.transport - DEBUG - [chan 31] EOF received (31)
2025-03-06 11:17:24,174 - paramiko.transport - DEBUG - [chan 31] EOF sent (31)
2025-03-06 11:17:24,175 - paramiko.transport - DEBUG - [chan 32] Max packet in: 32768 bytes
2025-03-06 11:17:24,223 - paramiko.transport - DEBUG - [chan 32] Max packet out: 32768 bytes
2025-03-06 11:17:24,223 - paramiko.transport - DEBUG - Secsh channel 32 opened.
2025-03-06 11:17:24,226 - paramiko.transport - DEBUG - [chan 32] Sesch channel 32 request ok
2025-03-06 11:17:24,242 - paramiko.transport - DEBUG - [chan 32] EOF received (32)
2025-03-06 11:17:24,242 - paramiko.transport - DEBUG - [chan 32] EOF sent (32)
2025-03-06 11:17:24,243 - paramiko.transport - DEBUG - [chan 33] Max packet in: 32768 bytes
2025-03-06 11:17:24,288 - paramiko.transport - DEBUG - [chan 33] Max packet out: 32768 bytes
2025-03-06 11:17:24,288 - paramiko.transport - DEBUG - Secsh channel 33 opened.
2025-03-06 11:17:24,293 - paramiko.transport - DEBUG - [chan 33] Sesch channel 33 request ok
2025-03-06 11:17:24,308 - paramiko.transport - DEBUG - [chan 33] EOF received (33)
2025-03-06 11:17:24,309 - paramiko.transport - DEBUG - [chan 33] EOF sent (33)
2025-03-06 11:17:24,309 - paramiko.transport - DEBUG - [chan 34] Max packet in: 32768 bytes
2025-03-06 11:17:24,355 - paramiko.transport - DEBUG - [chan 34] Max packet out: 32768 bytes
2025-03-06 11:17:24,355 - paramiko.transport - DEBUG - Secsh channel 34 opened.
2025-03-06 11:17:24,359 - paramiko.transport - DEBUG - [chan 34] Sesch channel 34 request ok
2025-03-06 11:17:24,376 - paramiko.transport - DEBUG - [chan 34] EOF received (34)
2025-03-06 11:17:24,376 - paramiko.transport - DEBUG - [chan 34] EOF sent (34)
2025-03-06 11:17:24,377 - paramiko.transport - DEBUG - [chan 35] Max packet in: 32768 bytes
2025-03-06 11:17:24,427 - paramiko.transport - DEBUG - [chan 35] Max packet out: 32768 bytes
2025-03-06 11:17:24,427 - paramiko.transport - DEBUG - Secsh channel 35 opened.
2025-03-06 11:17:24,430 - paramiko.transport - DEBUG - [chan 35] Sesch channel 35 request ok
2025-03-06 11:17:24,444 - paramiko.transport - DEBUG - [chan 35] EOF received (35)
2025-03-06 11:17:24,444 - paramiko.transport - DEBUG - [chan 35] EOF sent (35)
2025-03-06 11:17:24,445 - paramiko.transport - DEBUG - [chan 36] Max packet in: 32768 bytes
2025-03-06 11:17:24,495 - paramiko.transport - DEBUG - [chan 36] Max packet out: 32768 bytes
2025-03-06 11:17:24,495 - paramiko.transport - DEBUG - Secsh channel 36 opened.
2025-03-06 11:17:24,498 - paramiko.transport - DEBUG - [chan 36] Sesch channel 36 request ok
2025-03-06 11:17:24,516 - paramiko.transport - DEBUG - [chan 36] EOF received (36)
2025-03-06 11:17:24,516 - paramiko.transport - DEBUG - [chan 36] EOF sent (36)
2025-03-06 11:17:24,517 - paramiko.transport - DEBUG - [chan 37] Max packet in: 32768 bytes
2025-03-06 11:17:24,566 - paramiko.transport - DEBUG - [chan 37] Max packet out: 32768 bytes
2025-03-06 11:17:24,566 - paramiko.transport - DEBUG - Secsh channel 37 opened.
2025-03-06 11:17:24,569 - paramiko.transport - DEBUG - [chan 37] Sesch channel 37 request ok
2025-03-06 11:17:24,583 - paramiko.transport - DEBUG - [chan 37] EOF received (37)
2025-03-06 11:17:24,584 - paramiko.transport - DEBUG - [chan 37] EOF sent (37)
2025-03-06 11:17:24,585 - paramiko.transport - DEBUG - [chan 38] Max packet in: 32768 bytes
2025-03-06 11:17:24,634 - paramiko.transport - DEBUG - [chan 38] Max packet out: 32768 bytes
2025-03-06 11:17:24,634 - paramiko.transport - DEBUG - Secsh channel 38 opened.
2025-03-06 11:17:24,637 - paramiko.transport - DEBUG - [chan 38] Sesch channel 38 request ok
2025-03-06 11:17:24,653 - paramiko.transport - DEBUG - [chan 38] EOF received (38)
2025-03-06 11:17:24,653 - paramiko.transport - DEBUG - [chan 38] EOF sent (38)
2025-03-06 11:17:24,655 - paramiko.transport - DEBUG - [chan 39] Max packet in: 32768 bytes
2025-03-06 11:17:24,702 - paramiko.transport - DEBUG - [chan 39] Max packet out: 32768 bytes
2025-03-06 11:17:24,702 - paramiko.transport - DEBUG - Secsh channel 39 opened.
2025-03-06 11:17:24,706 - paramiko.transport - DEBUG - [chan 39] Sesch channel 39 request ok
2025-03-06 11:17:24,724 - paramiko.transport - DEBUG - [chan 39] EOF received (39)
2025-03-06 11:17:24,724 - paramiko.transport - DEBUG - [chan 39] EOF sent (39)
2025-03-06 11:17:24,726 - paramiko.transport - DEBUG - [chan 40] Max packet in: 32768 bytes
2025-03-06 11:17:24,774 - paramiko.transport - DEBUG - [chan 40] Max packet out: 32768 bytes
2025-03-06 11:17:24,775 - paramiko.transport - DEBUG - Secsh channel 40 opened.
2025-03-06 11:17:24,777 - paramiko.transport - DEBUG - [chan 40] Sesch channel 40 request ok
2025-03-06 11:17:24,802 - paramiko.transport - DEBUG - [chan 40] EOF received (40)
2025-03-06 11:17:24,802 - paramiko.transport - DEBUG - [chan 40] EOF sent (40)
2025-03-06 11:17:24,803 - paramiko.transport - DEBUG - [chan 41] Max packet in: 32768 bytes
2025-03-06 11:17:24,846 - paramiko.transport - DEBUG - [chan 41] Max packet out: 32768 bytes
2025-03-06 11:17:24,846 - paramiko.transport - DEBUG - Secsh channel 41 opened.
2025-03-06 11:17:24,849 - paramiko.transport - DEBUG - [chan 41] Sesch channel 41 request ok
2025-03-06 11:17:24,869 - paramiko.transport - DEBUG - [chan 41] EOF received (41)
2025-03-06 11:17:24,870 - paramiko.transport - DEBUG - [chan 41] EOF sent (41)
2025-03-06 11:17:24,871 - paramiko.transport - DEBUG - [chan 42] Max packet in: 32768 bytes
2025-03-06 11:17:24,916 - paramiko.transport - DEBUG - [chan 42] Max packet out: 32768 bytes
2025-03-06 11:17:24,916 - paramiko.transport - DEBUG - Secsh channel 42 opened.
2025-03-06 11:17:24,919 - paramiko.transport - DEBUG - [chan 42] Sesch channel 42 request ok
2025-03-06 11:17:24,952 - paramiko.transport - DEBUG - [chan 42] EOF received (42)
2025-03-06 11:17:24,952 - paramiko.transport - DEBUG - [chan 42] EOF sent (42)
2025-03-06 11:17:24,953 - paramiko.transport - DEBUG - [chan 43] Max packet in: 32768 bytes
2025-03-06 11:17:24,998 - paramiko.transport - DEBUG - [chan 43] Max packet out: 32768 bytes
2025-03-06 11:17:24,999 - paramiko.transport - DEBUG - Secsh channel 43 opened.
2025-03-06 11:17:25,001 - paramiko.transport - DEBUG - [chan 43] Sesch channel 43 request ok
2025-03-06 11:17:25,026 - paramiko.transport - DEBUG - [chan 43] EOF received (43)
2025-03-06 11:17:25,026 - paramiko.transport - DEBUG - [chan 43] EOF sent (43)
2025-03-06 11:17:25,027 - paramiko.transport - DEBUG - [chan 44] Max packet in: 32768 bytes
2025-03-06 11:17:25,071 - paramiko.transport - DEBUG - [chan 44] Max packet out: 32768 bytes
2025-03-06 11:17:25,071 - paramiko.transport - DEBUG - Secsh channel 44 opened.
2025-03-06 11:17:25,074 - paramiko.transport - DEBUG - [chan 44] Sesch channel 44 request ok
2025-03-06 11:17:25,094 - paramiko.transport - DEBUG - [chan 44] EOF received (44)
2025-03-06 11:17:25,094 - paramiko.transport - DEBUG - [chan 44] EOF sent (44)
2025-03-06 11:17:25,095 - paramiko.transport - DEBUG - [chan 45] Max packet in: 32768 bytes
2025-03-06 11:17:25,142 - paramiko.transport - DEBUG - [chan 45] Max packet out: 32768 bytes
2025-03-06 11:17:25,143 - paramiko.transport - DEBUG - Secsh channel 45 opened.
2025-03-06 11:17:25,145 - paramiko.transport - DEBUG - [chan 45] Sesch channel 45 request ok
2025-03-06 11:17:25,165 - paramiko.transport - DEBUG - [chan 45] EOF received (45)
2025-03-06 11:17:25,165 - paramiko.transport - DEBUG - [chan 45] EOF sent (45)
2025-03-06 11:17:25,166 - paramiko.transport - DEBUG - [chan 46] Max packet in: 32768 bytes
2025-03-06 11:17:25,214 - paramiko.transport - DEBUG - [chan 46] Max packet out: 32768 bytes
2025-03-06 11:17:25,214 - paramiko.transport - DEBUG - Secsh channel 46 opened.
2025-03-06 11:17:25,218 - paramiko.transport - DEBUG - [chan 46] Sesch channel 46 request ok
2025-03-06 11:17:25,243 - paramiko.transport - DEBUG - [chan 46] EOF received (46)
2025-03-06 11:17:25,244 - paramiko.transport - DEBUG - [chan 46] EOF sent (46)
2025-03-06 11:17:25,244 - paramiko.transport - DEBUG - [chan 47] Max packet in: 32768 bytes
2025-03-06 11:17:25,290 - paramiko.transport - DEBUG - [chan 47] Max packet out: 32768 bytes
2025-03-06 11:17:25,290 - paramiko.transport - DEBUG - Secsh channel 47 opened.
2025-03-06 11:17:25,293 - paramiko.transport - DEBUG - [chan 47] Sesch channel 47 request ok
2025-03-06 11:17:25,313 - paramiko.transport - DEBUG - [chan 47] EOF received (47)
2025-03-06 11:17:25,313 - paramiko.transport - DEBUG - [chan 47] EOF sent (47)
2025-03-06 11:17:25,314 - paramiko.transport - DEBUG - [chan 48] Max packet in: 32768 bytes
2025-03-06 11:17:25,363 - paramiko.transport - DEBUG - [chan 48] Max packet out: 32768 bytes
2025-03-06 11:17:25,363 - paramiko.transport - DEBUG - Secsh channel 48 opened.
2025-03-06 11:17:25,367 - paramiko.transport - DEBUG - [chan 48] Sesch channel 48 request ok
2025-03-06 11:17:25,390 - paramiko.transport - DEBUG - [chan 48] EOF received (48)
2025-03-06 11:17:25,390 - paramiko.transport - DEBUG - [chan 48] EOF sent (48)
2025-03-06 11:17:25,391 - paramiko.transport - DEBUG - [chan 49] Max packet in: 32768 bytes
2025-03-06 11:17:25,439 - paramiko.transport - DEBUG - [chan 49] Max packet out: 32768 bytes
2025-03-06 11:17:25,439 - paramiko.transport - DEBUG - Secsh channel 49 opened.
2025-03-06 11:17:25,442 - paramiko.transport - DEBUG - [chan 49] Sesch channel 49 request ok
2025-03-06 11:17:25,464 - paramiko.transport - DEBUG - [chan 49] EOF received (49)
2025-03-06 11:17:25,464 - paramiko.transport - DEBUG - [chan 49] EOF sent (49)
2025-03-06 11:17:25,465 - paramiko.transport - DEBUG - [chan 50] Max packet in: 32768 bytes
2025-03-06 11:17:25,514 - paramiko.transport - DEBUG - [chan 50] Max packet out: 32768 bytes
2025-03-06 11:17:25,514 - paramiko.transport - DEBUG - Secsh channel 50 opened.
2025-03-06 11:17:25,517 - paramiko.transport - DEBUG - [chan 50] Sesch channel 50 request ok
2025-03-06 11:17:25,542 - paramiko.transport - DEBUG - [chan 50] EOF received (50)
2025-03-06 11:17:25,542 - paramiko.transport - DEBUG - [chan 50] EOF sent (50)
2025-03-06 11:17:25,543 - paramiko.transport - DEBUG - [chan 51] Max packet in: 32768 bytes
2025-03-06 11:17:25,586 - paramiko.transport - DEBUG - [chan 51] Max packet out: 32768 bytes
2025-03-06 11:17:25,587 - paramiko.transport - DEBUG - Secsh channel 51 opened.
2025-03-06 11:17:25,589 - paramiko.transport - DEBUG - [chan 51] Sesch channel 51 request ok
2025-03-06 11:17:25,612 - paramiko.transport - DEBUG - [chan 51] EOF received (51)
2025-03-06 11:17:25,612 - paramiko.transport - DEBUG - [chan 51] EOF sent (51)
2025-03-06 11:17:25,613 - paramiko.transport - DEBUG - [chan 52] Max packet in: 32768 bytes
2025-03-06 11:17:25,658 - paramiko.transport - DEBUG - [chan 52] Max packet out: 32768 bytes
2025-03-06 11:17:25,658 - paramiko.transport - DEBUG - Secsh channel 52 opened.
2025-03-06 11:17:25,662 - paramiko.transport - DEBUG - [chan 52] Sesch channel 52 request ok
2025-03-06 11:17:25,682 - paramiko.transport - DEBUG - [chan 52] EOF received (52)
2025-03-06 11:17:25,682 - paramiko.transport - DEBUG - [chan 52] EOF sent (52)
2025-03-06 11:17:25,683 - paramiko.transport - DEBUG - [chan 53] Max packet in: 32768 bytes
2025-03-06 11:17:25,730 - paramiko.transport - DEBUG - [chan 53] Max packet out: 32768 bytes
2025-03-06 11:17:25,730 - paramiko.transport - DEBUG - Secsh channel 53 opened.
2025-03-06 11:17:25,733 - paramiko.transport - DEBUG - [chan 53] Sesch channel 53 request ok
2025-03-06 11:17:25,757 - paramiko.transport - DEBUG - [chan 53] EOF received (53)
2025-03-06 11:17:25,757 - paramiko.transport - DEBUG - [chan 53] EOF sent (53)
2025-03-06 11:17:25,758 - paramiko.transport - DEBUG - [chan 54] Max packet in: 32768 bytes
2025-03-06 11:17:25,806 - paramiko.transport - DEBUG - [chan 54] Max packet out: 32768 bytes
2025-03-06 11:17:25,807 - paramiko.transport - DEBUG - Secsh channel 54 opened.
2025-03-06 11:17:25,810 - paramiko.transport - DEBUG - [chan 54] Sesch channel 54 request ok
2025-03-06 11:17:25,834 - paramiko.transport - DEBUG - [chan 54] EOF received (54)
2025-03-06 11:17:25,834 - paramiko.transport - DEBUG - [chan 54] EOF sent (54)
2025-03-06 11:17:25,835 - paramiko.transport - DEBUG - [chan 55] Max packet in: 32768 bytes
2025-03-06 11:17:25,883 - paramiko.transport - DEBUG - [chan 55] Max packet out: 32768 bytes
2025-03-06 11:17:25,883 - paramiko.transport - DEBUG - Secsh channel 55 opened.
2025-03-06 11:17:25,886 - paramiko.transport - DEBUG - [chan 55] Sesch channel 55 request ok
2025-03-06 11:17:25,907 - paramiko.transport - DEBUG - [chan 55] EOF received (55)
2025-03-06 11:17:25,907 - paramiko.transport - DEBUG - [chan 55] EOF sent (55)
2025-03-06 11:17:25,908 - paramiko.transport - DEBUG - [chan 56] Max packet in: 32768 bytes
2025-03-06 11:17:25,954 - paramiko.transport - DEBUG - [chan 56] Max packet out: 32768 bytes
2025-03-06 11:17:25,954 - paramiko.transport - DEBUG - Secsh channel 56 opened.
2025-03-06 11:17:25,959 - paramiko.transport - DEBUG - [chan 56] Sesch channel 56 request ok
2025-03-06 11:17:25,982 - paramiko.transport - DEBUG - [chan 56] EOF received (56)
2025-03-06 11:17:25,982 - paramiko.transport - DEBUG - [chan 56] EOF sent (56)
2025-03-06 11:17:25,983 - paramiko.transport - DEBUG - [chan 57] Max packet in: 32768 bytes
2025-03-06 11:17:26,026 - paramiko.transport - DEBUG - [chan 57] Max packet out: 32768 bytes
2025-03-06 11:17:26,026 - paramiko.transport - DEBUG - Secsh channel 57 opened.
2025-03-06 11:17:26,029 - paramiko.transport - DEBUG - [chan 57] Sesch channel 57 request ok
2025-03-06 11:17:26,053 - paramiko.transport - DEBUG - [chan 57] EOF received (57)
2025-03-06 11:17:26,053 - paramiko.transport - DEBUG - [chan 57] EOF sent (57)
2025-03-06 11:17:26,054 - paramiko.transport - DEBUG - [chan 58] Max packet in: 32768 bytes
2025-03-06 11:17:26,098 - paramiko.transport - DEBUG - [chan 58] Max packet out: 32768 bytes
2025-03-06 11:17:26,098 - paramiko.transport - DEBUG - Secsh channel 58 opened.
2025-03-06 11:17:26,103 - paramiko.transport - DEBUG - [chan 58] Sesch channel 58 request ok
2025-03-06 11:17:26,122 - paramiko.transport - DEBUG - [chan 58] EOF received (58)
2025-03-06 11:17:26,122 - paramiko.transport - DEBUG - [chan 58] EOF sent (58)
2025-03-06 11:17:26,123 - paramiko.transport - DEBUG - [chan 59] Max packet in: 32768 bytes
2025-03-06 11:17:26,171 - paramiko.transport - DEBUG - [chan 59] Max packet out: 32768 bytes
2025-03-06 11:17:26,171 - paramiko.transport - DEBUG - Secsh channel 59 opened.
2025-03-06 11:17:26,174 - paramiko.transport - DEBUG - [chan 59] Sesch channel 59 request ok
2025-03-06 11:17:26,194 - paramiko.transport - DEBUG - [chan 59] EOF received (59)
2025-03-06 11:17:26,194 - paramiko.transport - DEBUG - [chan 59] EOF sent (59)
2025-03-06 11:17:26,195 - paramiko.transport - DEBUG - [chan 60] Max packet in: 32768 bytes
2025-03-06 11:17:26,243 - paramiko.transport - DEBUG - [chan 60] Max packet out: 32768 bytes
2025-03-06 11:17:26,243 - paramiko.transport - DEBUG - Secsh channel 60 opened.
2025-03-06 11:17:26,246 - paramiko.transport - DEBUG - [chan 60] Sesch channel 60 request ok
2025-03-06 11:17:26,270 - paramiko.transport - DEBUG - [chan 60] EOF received (60)
2025-03-06 11:17:26,271 - paramiko.transport - DEBUG - [chan 60] EOF sent (60)
2025-03-06 11:17:26,272 - paramiko.transport - DEBUG - [chan 61] Max packet in: 32768 bytes
2025-03-06 11:17:26,319 - paramiko.transport - DEBUG - [chan 61] Max packet out: 32768 bytes
2025-03-06 11:17:26,319 - paramiko.transport - DEBUG - Secsh channel 61 opened.
2025-03-06 11:17:26,323 - paramiko.transport - DEBUG - [chan 61] Sesch channel 61 request ok
2025-03-06 11:17:26,346 - paramiko.transport - DEBUG - [chan 61] EOF received (61)
2025-03-06 11:17:26,346 - paramiko.transport - DEBUG - [chan 61] EOF sent (61)
2025-03-06 11:17:26,347 - paramiko.transport - DEBUG - [chan 62] Max packet in: 32768 bytes
2025-03-06 11:17:26,391 - paramiko.transport - DEBUG - [chan 62] Max packet out: 32768 bytes
2025-03-06 11:17:26,391 - paramiko.transport - DEBUG - Secsh channel 62 opened.
2025-03-06 11:17:26,394 - paramiko.transport - DEBUG - [chan 62] Sesch channel 62 request ok
2025-03-06 11:17:26,418 - paramiko.transport - DEBUG - [chan 62] EOF received (62)
2025-03-06 11:17:26,418 - paramiko.transport - DEBUG - [chan 62] EOF sent (62)
2025-03-06 11:17:26,419 - paramiko.transport - DEBUG - [chan 63] Max packet in: 32768 bytes
2025-03-06 11:17:26,462 - paramiko.transport - DEBUG - [chan 63] Max packet out: 32768 bytes
2025-03-06 11:17:26,463 - paramiko.transport - DEBUG - Secsh channel 63 opened.
2025-03-06 11:17:26,465 - paramiko.transport - DEBUG - [chan 63] Sesch channel 63 request ok
2025-03-06 11:17:26,485 - paramiko.transport - DEBUG - [chan 63] EOF received (63)
2025-03-06 11:17:26,486 - paramiko.transport - DEBUG - [chan 63] EOF sent (63)
2025-03-06 11:17:26,486 - paramiko.transport - DEBUG - [chan 64] Max packet in: 32768 bytes
2025-03-06 11:17:26,534 - paramiko.transport - DEBUG - [chan 64] Max packet out: 32768 bytes
2025-03-06 11:17:26,534 - paramiko.transport - DEBUG - Secsh channel 64 opened.
2025-03-06 11:17:26,541 - paramiko.transport - DEBUG - [chan 64] Sesch channel 64 request ok
2025-03-06 11:17:26,562 - paramiko.transport - DEBUG - [chan 64] EOF received (64)
2025-03-06 11:17:26,562 - paramiko.transport - DEBUG - [chan 64] EOF sent (64)
2025-03-06 11:17:26,563 - paramiko.transport - DEBUG - [chan 65] Max packet in: 32768 bytes
2025-03-06 11:17:26,607 - paramiko.transport - DEBUG - [chan 65] Max packet out: 32768 bytes
2025-03-06 11:17:26,607 - paramiko.transport - DEBUG - Secsh channel 65 opened.
2025-03-06 11:17:26,609 - paramiko.transport - DEBUG - [chan 65] Sesch channel 65 request ok
2025-03-06 11:17:26,642 - paramiko.transport - DEBUG - [chan 65] EOF received (65)
2025-03-06 11:17:26,642 - paramiko.transport - DEBUG - [chan 65] EOF sent (65)
2025-03-06 11:17:26,643 - paramiko.transport - DEBUG - [chan 66] Max packet in: 32768 bytes
2025-03-06 11:17:26,687 - paramiko.transport - DEBUG - [chan 66] Max packet out: 32768 bytes
2025-03-06 11:17:26,687 - paramiko.transport - DEBUG - Secsh channel 66 opened.
2025-03-06 11:17:26,690 - paramiko.transport - DEBUG - [chan 66] Sesch channel 66 request ok
2025-03-06 11:17:26,709 - paramiko.transport - DEBUG - [chan 66] EOF received (66)
2025-03-06 11:17:26,709 - paramiko.transport - DEBUG - [chan 66] EOF sent (66)
2025-03-06 11:17:26,710 - paramiko.transport - DEBUG - [chan 67] Max packet in: 32768 bytes
2025-03-06 11:17:26,758 - paramiko.transport - DEBUG - [chan 67] Max packet out: 32768 bytes
2025-03-06 11:17:26,758 - paramiko.transport - DEBUG - Secsh channel 67 opened.
2025-03-06 11:17:26,761 - paramiko.transport - DEBUG - [chan 67] Sesch channel 67 request ok
2025-03-06 11:17:26,784 - paramiko.transport - DEBUG - [chan 67] EOF received (67)
2025-03-06 11:17:26,784 - paramiko.transport - DEBUG - [chan 67] EOF sent (67)
2025-03-06 11:17:26,785 - paramiko.transport - DEBUG - [chan 68] Max packet in: 32768 bytes
2025-03-06 11:17:26,830 - paramiko.transport - DEBUG - [chan 68] Max packet out: 32768 bytes
2025-03-06 11:17:26,830 - paramiko.transport - DEBUG - Secsh channel 68 opened.
2025-03-06 11:17:26,834 - paramiko.transport - DEBUG - [chan 68] Sesch channel 68 request ok
2025-03-06 11:17:26,854 - paramiko.transport - DEBUG - [chan 68] EOF received (68)
2025-03-06 11:17:26,854 - paramiko.transport - DEBUG - [chan 68] EOF sent (68)
2025-03-06 11:17:26,855 - paramiko.transport - DEBUG - [chan 69] Max packet in: 32768 bytes
2025-03-06 11:17:26,898 - paramiko.transport - DEBUG - [chan 69] Max packet out: 32768 bytes
2025-03-06 11:17:26,898 - paramiko.transport - DEBUG - Secsh channel 69 opened.
2025-03-06 11:17:26,902 - paramiko.transport - DEBUG - [chan 69] Sesch channel 69 request ok
2025-03-06 11:17:26,922 - paramiko.transport - DEBUG - [chan 69] EOF received (69)
2025-03-06 11:17:26,922 - paramiko.transport - DEBUG - [chan 69] EOF sent (69)
2025-03-06 11:17:26,923 - paramiko.transport - DEBUG - [chan 70] Max packet in: 32768 bytes
2025-03-06 11:17:26,970 - paramiko.transport - DEBUG - [chan 70] Max packet out: 32768 bytes
2025-03-06 11:17:26,970 - paramiko.transport - DEBUG - Secsh channel 70 opened.
2025-03-06 11:17:26,974 - paramiko.transport - DEBUG - [chan 70] Sesch channel 70 request ok
2025-03-06 11:17:26,996 - paramiko.transport - DEBUG - [chan 70] EOF received (70)
2025-03-06 11:17:26,996 - paramiko.transport - DEBUG - [chan 70] EOF sent (70)
2025-03-06 11:17:26,997 - paramiko.transport - DEBUG - [chan 71] Max packet in: 32768 bytes
2025-03-06 11:17:27,043 - paramiko.transport - DEBUG - [chan 71] Max packet out: 32768 bytes
2025-03-06 11:17:27,043 - paramiko.transport - DEBUG - Secsh channel 71 opened.
2025-03-06 11:17:27,046 - paramiko.transport - DEBUG - [chan 71] Sesch channel 71 request ok
2025-03-06 11:17:27,064 - paramiko.transport - DEBUG - [chan 71] EOF received (71)
2025-03-06 11:17:27,064 - paramiko.transport - DEBUG - [chan 71] EOF sent (71)
2025-03-06 11:17:27,065 - paramiko.transport - DEBUG - [chan 72] Max packet in: 32768 bytes
2025-03-06 11:17:27,110 - paramiko.transport - DEBUG - [chan 72] Max packet out: 32768 bytes
2025-03-06 11:17:27,111 - paramiko.transport - DEBUG - Secsh channel 72 opened.
2025-03-06 11:17:27,114 - paramiko.transport - DEBUG - [chan 72] Sesch channel 72 request ok
2025-03-06 11:17:27,135 - paramiko.transport - DEBUG - [chan 72] EOF received (72)
2025-03-06 11:17:27,135 - paramiko.transport - DEBUG - [chan 72] EOF sent (72)
2025-03-06 11:17:27,136 - paramiko.transport - DEBUG - [chan 73] Max packet in: 32768 bytes
2025-03-06 11:17:27,182 - paramiko.transport - DEBUG - [chan 73] Max packet out: 32768 bytes
2025-03-06 11:17:27,183 - paramiko.transport - DEBUG - Secsh channel 73 opened.
2025-03-06 11:17:27,186 - paramiko.transport - DEBUG - [chan 73] Sesch channel 73 request ok
2025-03-06 11:17:27,204 - paramiko.transport - DEBUG - [chan 73] EOF received (73)
2025-03-06 11:17:27,204 - paramiko.transport - DEBUG - [chan 73] EOF sent (73)
2025-03-06 11:17:27,205 - paramiko.transport - DEBUG - [chan 74] Max packet in: 32768 bytes
2025-03-06 11:17:27,255 - paramiko.transport - DEBUG - [chan 74] Max packet out: 32768 bytes
2025-03-06 11:17:27,255 - paramiko.transport - DEBUG - Secsh channel 74 opened.
2025-03-06 11:17:27,259 - paramiko.transport - DEBUG - [chan 74] Sesch channel 74 request ok
2025-03-06 11:17:27,281 - paramiko.transport - DEBUG - [chan 74] EOF received (74)
2025-03-06 11:17:27,282 - paramiko.transport - DEBUG - [chan 74] EOF sent (74)
2025-03-06 11:17:27,282 - paramiko.transport - DEBUG - [chan 75] Max packet in: 32768 bytes
2025-03-06 11:17:27,327 - paramiko.transport - DEBUG - [chan 75] Max packet out: 32768 bytes
2025-03-06 11:17:27,327 - paramiko.transport - DEBUG - Secsh channel 75 opened.
2025-03-06 11:17:27,330 - paramiko.transport - DEBUG - [chan 75] Sesch channel 75 request ok
2025-03-06 11:17:27,350 - paramiko.transport - DEBUG - [chan 75] EOF received (75)
2025-03-06 11:17:27,350 - paramiko.transport - DEBUG - [chan 75] EOF sent (75)
2025-03-06 11:17:27,351 - paramiko.transport - DEBUG - [chan 76] Max packet in: 32768 bytes
2025-03-06 11:17:27,394 - paramiko.transport - DEBUG - [chan 76] Max packet out: 32768 bytes
2025-03-06 11:17:27,394 - paramiko.transport - DEBUG - Secsh channel 76 opened.
2025-03-06 11:17:27,397 - paramiko.transport - DEBUG - [chan 76] Sesch channel 76 request ok
2025-03-06 11:17:27,421 - paramiko.transport - DEBUG - [chan 76] EOF received (76)
2025-03-06 11:17:27,422 - paramiko.transport - DEBUG - [chan 76] EOF sent (76)
2025-03-06 11:17:27,423 - paramiko.transport - DEBUG - [chan 77] Max packet in: 32768 bytes
2025-03-06 11:17:27,466 - paramiko.transport - DEBUG - [chan 77] Max packet out: 32768 bytes
2025-03-06 11:17:27,466 - paramiko.transport - DEBUG - Secsh channel 77 opened.
2025-03-06 11:17:27,469 - paramiko.transport - DEBUG - [chan 77] Sesch channel 77 request ok
2025-03-06 11:17:27,491 - paramiko.transport - DEBUG - [chan 77] EOF received (77)
2025-03-06 11:17:27,491 - paramiko.transport - DEBUG - [chan 77] EOF sent (77)
2025-03-06 11:17:27,492 - paramiko.transport - DEBUG - [chan 78] Max packet in: 32768 bytes
2025-03-06 11:17:27,539 - paramiko.transport - DEBUG - [chan 78] Max packet out: 32768 bytes
2025-03-06 11:17:27,539 - paramiko.transport - DEBUG - Secsh channel 78 opened.
2025-03-06 11:17:27,542 - paramiko.transport - DEBUG - [chan 78] Sesch channel 78 request ok
2025-03-06 11:17:27,562 - paramiko.transport - DEBUG - [chan 78] EOF received (78)
2025-03-06 11:17:27,563 - paramiko.transport - DEBUG - [chan 78] EOF sent (78)
2025-03-06 11:17:27,564 - paramiko.transport - DEBUG - [chan 79] Max packet in: 32768 bytes
2025-03-06 11:17:27,606 - paramiko.transport - DEBUG - [chan 79] Max packet out: 32768 bytes
2025-03-06 11:17:27,607 - paramiko.transport - DEBUG - Secsh channel 79 opened.
2025-03-06 11:17:27,610 - paramiko.transport - DEBUG - [chan 79] Sesch channel 79 request ok
2025-03-06 11:17:27,629 - paramiko.transport - DEBUG - [chan 79] EOF received (79)
2025-03-06 11:17:27,629 - paramiko.transport - DEBUG - [chan 79] EOF sent (79)
2025-03-06 11:17:27,630 - paramiko.transport - DEBUG - [chan 80] Max packet in: 32768 bytes
2025-03-06 11:17:27,674 - paramiko.transport - DEBUG - [chan 80] Max packet out: 32768 bytes
2025-03-06 11:17:27,675 - paramiko.transport - DEBUG - Secsh channel 80 opened.
2025-03-06 11:17:27,678 - paramiko.transport - DEBUG - [chan 80] Sesch channel 80 request ok
2025-03-06 11:17:27,700 - paramiko.transport - DEBUG - [chan 80] EOF received (80)
2025-03-06 11:17:27,700 - paramiko.transport - DEBUG - [chan 80] EOF sent (80)
2025-03-06 11:17:27,701 - paramiko.transport - DEBUG - [chan 81] Max packet in: 32768 bytes
2025-03-06 11:17:27,746 - paramiko.transport - DEBUG - [chan 81] Max packet out: 32768 bytes
2025-03-06 11:17:27,746 - paramiko.transport - DEBUG - Secsh channel 81 opened.
2025-03-06 11:17:27,750 - paramiko.transport - DEBUG - [chan 81] Sesch channel 81 request ok
2025-03-06 11:17:27,767 - paramiko.transport - DEBUG - [chan 81] EOF received (81)
2025-03-06 11:17:27,767 - paramiko.transport - DEBUG - [chan 81] EOF sent (81)
2025-03-06 11:17:27,768 - paramiko.transport - DEBUG - [chan 82] Max packet in: 32768 bytes
2025-03-06 11:17:27,818 - paramiko.transport - DEBUG - [chan 82] Max packet out: 32768 bytes
2025-03-06 11:17:27,818 - paramiko.transport - DEBUG - Secsh channel 82 opened.
2025-03-06 11:17:27,821 - paramiko.transport - DEBUG - [chan 82] Sesch channel 82 request ok
2025-03-06 11:17:27,844 - paramiko.transport - DEBUG - [chan 82] EOF received (82)
2025-03-06 11:17:27,844 - paramiko.transport - DEBUG - [chan 82] EOF sent (82)
2025-03-06 11:17:27,846 - paramiko.transport - DEBUG - [chan 83] Max packet in: 32768 bytes
2025-03-06 11:17:27,890 - paramiko.transport - DEBUG - [chan 83] Max packet out: 32768 bytes
2025-03-06 11:17:27,890 - paramiko.transport - DEBUG - Secsh channel 83 opened.
2025-03-06 11:17:27,893 - paramiko.transport - DEBUG - [chan 83] Sesch channel 83 request ok
2025-03-06 11:17:27,913 - paramiko.transport - DEBUG - [chan 83] EOF received (83)
2025-03-06 11:17:27,913 - paramiko.transport - DEBUG - [chan 83] EOF sent (83)
2025-03-06 11:17:27,914 - paramiko.transport - DEBUG - [chan 84] Max packet in: 32768 bytes
2025-03-06 11:17:27,962 - paramiko.transport - DEBUG - [chan 84] Max packet out: 32768 bytes
2025-03-06 11:17:27,962 - paramiko.transport - DEBUG - Secsh channel 84 opened.
2025-03-06 11:17:27,965 - paramiko.transport - DEBUG - [chan 84] Sesch channel 84 request ok
2025-03-06 11:17:27,983 - paramiko.transport - DEBUG - [chan 84] EOF received (84)
2025-03-06 11:17:27,983 - paramiko.transport - DEBUG - [chan 84] EOF sent (84)
2025-03-06 11:17:27,984 - paramiko.transport - DEBUG - [chan 85] Max packet in: 32768 bytes
2025-03-06 11:17:28,030 - paramiko.transport - DEBUG - [chan 85] Max packet out: 32768 bytes
2025-03-06 11:17:28,030 - paramiko.transport - DEBUG - Secsh channel 85 opened.
2025-03-06 11:17:28,032 - paramiko.transport - DEBUG - [chan 85] Sesch channel 85 request ok
2025-03-06 11:17:28,053 - paramiko.transport - DEBUG - [chan 85] EOF received (85)
2025-03-06 11:17:28,053 - paramiko.transport - DEBUG - [chan 85] EOF sent (85)
2025-03-06 11:17:28,054 - paramiko.transport - DEBUG - [chan 86] Max packet in: 32768 bytes
2025-03-06 11:17:28,102 - paramiko.transport - DEBUG - [chan 86] Max packet out: 32768 bytes
2025-03-06 11:17:28,102 - paramiko.transport - DEBUG - Secsh channel 86 opened.
2025-03-06 11:17:28,105 - paramiko.transport - DEBUG - [chan 86] Sesch channel 86 request ok
2025-03-06 11:17:28,125 - paramiko.transport - DEBUG - [chan 86] EOF received (86)
2025-03-06 11:17:28,126 - paramiko.transport - DEBUG - [chan 86] EOF sent (86)
2025-03-06 11:17:28,127 - paramiko.transport - DEBUG - [chan 87] Max packet in: 32768 bytes
2025-03-06 11:17:28,174 - paramiko.transport - DEBUG - [chan 87] Max packet out: 32768 bytes
2025-03-06 11:17:28,175 - paramiko.transport - DEBUG - Secsh channel 87 opened.
2025-03-06 11:17:28,177 - paramiko.transport - DEBUG - [chan 87] Sesch channel 87 request ok
2025-03-06 11:17:28,203 - paramiko.transport - DEBUG - [chan 87] EOF received (87)
2025-03-06 11:17:28,203 - paramiko.transport - DEBUG - [chan 87] EOF sent (87)
2025-03-06 11:17:28,204 - paramiko.transport - DEBUG - [chan 88] Max packet in: 32768 bytes
2025-03-06 11:17:28,254 - paramiko.transport - DEBUG - [chan 88] Max packet out: 32768 bytes
2025-03-06 11:17:28,254 - paramiko.transport - DEBUG - Secsh channel 88 opened.
2025-03-06 11:17:28,256 - paramiko.transport - DEBUG - [chan 88] Sesch channel 88 request ok
2025-03-06 11:17:28,278 - paramiko.transport - DEBUG - [chan 88] EOF received (88)
2025-03-06 11:17:28,278 - paramiko.transport - DEBUG - [chan 88] EOF sent (88)
2025-03-06 11:17:28,279 - paramiko.transport - DEBUG - [chan 89] Max packet in: 32768 bytes
2025-03-06 11:17:28,322 - paramiko.transport - DEBUG - [chan 89] Max packet out: 32768 bytes
2025-03-06 11:17:28,322 - paramiko.transport - DEBUG - Secsh channel 89 opened.
2025-03-06 11:17:28,325 - paramiko.transport - DEBUG - [chan 89] Sesch channel 89 request ok
2025-03-06 11:17:28,345 - paramiko.transport - DEBUG - [chan 89] EOF received (89)
2025-03-06 11:17:28,346 - paramiko.transport - DEBUG - [chan 89] EOF sent (89)
2025-03-06 11:17:28,347 - paramiko.transport - DEBUG - [chan 90] Max packet in: 32768 bytes
2025-03-06 11:17:28,394 - paramiko.transport - DEBUG - [chan 90] Max packet out: 32768 bytes
2025-03-06 11:17:28,394 - paramiko.transport - DEBUG - Secsh channel 90 opened.
2025-03-06 11:17:28,397 - paramiko.transport - DEBUG - [chan 90] Sesch channel 90 request ok
2025-03-06 11:17:28,423 - paramiko.transport - DEBUG - [chan 90] EOF received (90)
2025-03-06 11:17:28,423 - paramiko.transport - DEBUG - [chan 90] EOF sent (90)
2025-03-06 11:17:28,424 - paramiko.transport - DEBUG - [chan 91] Max packet in: 32768 bytes
2025-03-06 11:17:28,470 - paramiko.transport - DEBUG - [chan 91] Max packet out: 32768 bytes
2025-03-06 11:17:28,470 - paramiko.transport - DEBUG - Secsh channel 91 opened.
2025-03-06 11:17:28,474 - paramiko.transport - DEBUG - [chan 91] Sesch channel 91 request ok
2025-03-06 11:17:28,494 - paramiko.transport - DEBUG - [chan 91] EOF received (91)
2025-03-06 11:17:28,494 - paramiko.transport - DEBUG - [chan 91] EOF sent (91)
2025-03-06 11:17:28,494 - paramiko.transport - DEBUG - [chan 92] Max packet in: 32768 bytes
2025-03-06 11:17:28,539 - paramiko.transport - DEBUG - [chan 92] Max packet out: 32768 bytes
2025-03-06 11:17:28,539 - paramiko.transport - DEBUG - Secsh channel 92 opened.
2025-03-06 11:17:28,542 - paramiko.transport - DEBUG - [chan 92] Sesch channel 92 request ok
2025-03-06 11:17:28,563 - paramiko.transport - DEBUG - [chan 92] EOF received (92)
2025-03-06 11:17:28,563 - paramiko.transport - DEBUG - [chan 92] EOF sent (92)
2025-03-06 11:17:28,564 - paramiko.transport - DEBUG - [chan 93] Max packet in: 32768 bytes
2025-03-06 11:17:28,606 - paramiko.transport - DEBUG - [chan 93] Max packet out: 32768 bytes
2025-03-06 11:17:28,607 - paramiko.transport - DEBUG - Secsh channel 93 opened.
2025-03-06 11:17:28,610 - paramiko.transport - DEBUG - [chan 93] Sesch channel 93 request ok
2025-03-06 11:17:28,631 - paramiko.transport - DEBUG - [chan 93] EOF received (93)
2025-03-06 11:17:28,631 - paramiko.transport - DEBUG - [chan 93] EOF sent (93)
2025-03-06 11:17:28,632 - paramiko.transport - DEBUG - [chan 94] Max packet in: 32768 bytes
2025-03-06 11:17:28,675 - paramiko.transport - DEBUG - [chan 94] Max packet out: 32768 bytes
2025-03-06 11:17:28,675 - paramiko.transport - DEBUG - Secsh channel 94 opened.
2025-03-06 11:17:28,677 - paramiko.transport - DEBUG - [chan 94] Sesch channel 94 request ok
2025-03-06 11:17:28,699 - paramiko.transport - DEBUG - [chan 94] EOF received (94)
2025-03-06 11:17:28,699 - paramiko.transport - DEBUG - [chan 94] EOF sent (94)
2025-03-06 11:17:28,700 - paramiko.transport - DEBUG - [chan 95] Max packet in: 32768 bytes
2025-03-06 11:17:28,747 - paramiko.transport - DEBUG - [chan 95] Max packet out: 32768 bytes
2025-03-06 11:17:28,747 - paramiko.transport - DEBUG - Secsh channel 95 opened.
2025-03-06 11:17:28,750 - paramiko.transport - DEBUG - [chan 95] Sesch channel 95 request ok
2025-03-06 11:17:28,770 - paramiko.transport - DEBUG - [chan 95] EOF received (95)
2025-03-06 11:17:28,771 - paramiko.transport - DEBUG - [chan 95] EOF sent (95)
2025-03-06 11:17:28,771 - paramiko.transport - DEBUG - [chan 96] Max packet in: 32768 bytes
2025-03-06 11:17:28,817 - paramiko.transport - DEBUG - [chan 96] Max packet out: 32768 bytes
2025-03-06 11:17:28,817 - paramiko.transport - DEBUG - Secsh channel 96 opened.
2025-03-06 11:17:28,821 - paramiko.transport - DEBUG - [chan 96] Sesch channel 96 request ok
2025-03-06 11:17:28,842 - paramiko.transport - DEBUG - [chan 96] EOF received (96)
2025-03-06 11:17:28,842 - paramiko.transport - DEBUG - [chan 96] EOF sent (96)
2025-03-06 11:17:28,843 - paramiko.transport - DEBUG - [chan 97] Max packet in: 32768 bytes
2025-03-06 11:17:28,886 - paramiko.transport - DEBUG - [chan 97] Max packet out: 32768 bytes
2025-03-06 11:17:28,886 - paramiko.transport - DEBUG - Secsh channel 97 opened.
2025-03-06 11:17:28,889 - paramiko.transport - DEBUG - [chan 97] Sesch channel 97 request ok
2025-03-06 11:17:28,915 - paramiko.transport - DEBUG - [chan 97] EOF received (97)
2025-03-06 11:17:28,915 - paramiko.transport - DEBUG - [chan 97] EOF sent (97)
2025-03-06 11:17:28,917 - paramiko.transport - DEBUG - [chan 98] Max packet in: 32768 bytes
2025-03-06 11:17:28,962 - paramiko.transport - DEBUG - [chan 98] Max packet out: 32768 bytes
2025-03-06 11:17:28,962 - paramiko.transport - DEBUG - Secsh channel 98 opened.
2025-03-06 11:17:28,966 - paramiko.transport - DEBUG - [chan 98] Sesch channel 98 request ok
2025-03-06 11:17:28,986 - paramiko.transport - DEBUG - [chan 98] EOF received (98)
2025-03-06 11:17:28,986 - paramiko.transport - DEBUG - [chan 98] EOF sent (98)
2025-03-06 11:17:28,987 - paramiko.transport - DEBUG - [chan 99] Max packet in: 32768 bytes
2025-03-06 11:17:29,034 - paramiko.transport - DEBUG - [chan 99] Max packet out: 32768 bytes
2025-03-06 11:17:29,034 - paramiko.transport - DEBUG - Secsh channel 99 opened.
2025-03-06 11:17:29,037 - paramiko.transport - DEBUG - [chan 99] Sesch channel 99 request ok
2025-03-06 11:17:29,058 - paramiko.transport - DEBUG - [chan 99] EOF received (99)
2025-03-06 11:17:29,059 - paramiko.transport - DEBUG - [chan 99] EOF sent (99)
2025-03-06 11:17:29,060 - paramiko.transport - DEBUG - [chan 100] Max packet in: 32768 bytes
2025-03-06 11:17:29,106 - paramiko.transport - DEBUG - [chan 100] Max packet out: 32768 bytes
2025-03-06 11:17:29,106 - paramiko.transport - DEBUG - Secsh channel 100 opened.
2025-03-06 11:17:29,109 - paramiko.transport - DEBUG - [chan 100] Sesch channel 100 request ok
2025-03-06 11:17:29,127 - paramiko.transport - DEBUG - [chan 100] EOF received (100)
2025-03-06 11:17:29,128 - paramiko.transport - DEBUG - [chan 100] EOF sent (100)
2025-03-06 11:17:29,128 - paramiko.transport - DEBUG - [chan 101] Max packet in: 32768 bytes
2025-03-06 11:17:29,174 - paramiko.transport - DEBUG - [chan 101] Max packet out: 32768 bytes
2025-03-06 11:17:29,175 - paramiko.transport - DEBUG - Secsh channel 101 opened.
2025-03-06 11:17:29,178 - paramiko.transport - DEBUG - [chan 101] Sesch channel 101 request ok
2025-03-06 11:17:29,201 - paramiko.transport - DEBUG - [chan 101] EOF received (101)
2025-03-06 11:17:29,201 - paramiko.transport - DEBUG - [chan 101] EOF sent (101)
2025-03-06 11:17:29,203 - paramiko.transport - DEBUG - [chan 102] Max packet in: 32768 bytes
2025-03-06 11:17:29,251 - paramiko.transport - DEBUG - [chan 102] Max packet out: 32768 bytes
2025-03-06 11:17:29,251 - paramiko.transport - DEBUG - Secsh channel 102 opened.
2025-03-06 11:17:29,253 - paramiko.transport - DEBUG - [chan 102] Sesch channel 102 request ok
2025-03-06 11:17:29,278 - paramiko.transport - DEBUG - [chan 102] EOF received (102)
2025-03-06 11:17:29,278 - paramiko.transport - DEBUG - [chan 102] EOF sent (102)
2025-03-06 11:17:29,279 - paramiko.transport - DEBUG - [chan 103] Max packet in: 32768 bytes
2025-03-06 11:17:29,323 - paramiko.transport - DEBUG - [chan 103] Max packet out: 32768 bytes
2025-03-06 11:17:29,323 - paramiko.transport - DEBUG - Secsh channel 103 opened.
2025-03-06 11:17:29,327 - paramiko.transport - DEBUG - [chan 103] Sesch channel 103 request ok
2025-03-06 11:17:29,345 - paramiko.transport - DEBUG - [chan 103] EOF received (103)
2025-03-06 11:17:29,345 - paramiko.transport - DEBUG - [chan 103] EOF sent (103)
2025-03-06 11:17:29,346 - paramiko.transport - DEBUG - [chan 104] Max packet in: 32768 bytes
2025-03-06 11:17:29,391 - paramiko.transport - DEBUG - [chan 104] Max packet out: 32768 bytes
2025-03-06 11:17:29,391 - paramiko.transport - DEBUG - Secsh channel 104 opened.
2025-03-06 11:17:29,394 - paramiko.transport - DEBUG - [chan 104] Sesch channel 104 request ok
2025-03-06 11:17:29,419 - paramiko.transport - DEBUG - [chan 104] EOF received (104)
2025-03-06 11:17:29,419 - paramiko.transport - DEBUG - [chan 104] EOF sent (104)
2025-03-06 11:17:29,420 - paramiko.transport - DEBUG - [chan 105] Max packet in: 32768 bytes
2025-03-06 11:17:29,470 - paramiko.transport - DEBUG - [chan 105] Max packet out: 32768 bytes
2025-03-06 11:17:29,470 - paramiko.transport - DEBUG - Secsh channel 105 opened.
2025-03-06 11:17:29,473 - paramiko.transport - DEBUG - [chan 105] Sesch channel 105 request ok
2025-03-06 11:17:29,493 - paramiko.transport - DEBUG - [chan 105] EOF received (105)
2025-03-06 11:17:29,493 - paramiko.transport - DEBUG - [chan 105] EOF sent (105)
2025-03-06 11:17:29,494 - paramiko.transport - DEBUG - [chan 106] Max packet in: 32768 bytes
2025-03-06 11:17:29,537 - paramiko.transport - DEBUG - [chan 106] Max packet out: 32768 bytes
2025-03-06 11:17:29,537 - paramiko.transport - DEBUG - Secsh channel 106 opened.
2025-03-06 11:17:29,542 - paramiko.transport - DEBUG - [chan 106] Sesch channel 106 request ok
2025-03-06 11:17:29,571 - paramiko.transport - DEBUG - [chan 106] EOF received (106)
2025-03-06 11:17:29,571 - paramiko.transport - DEBUG - [chan 106] EOF sent (106)
2025-03-06 11:17:29,572 - paramiko.transport - DEBUG - [chan 107] Max packet in: 32768 bytes
2025-03-06 11:17:29,618 - paramiko.transport - DEBUG - [chan 107] Max packet out: 32768 bytes
2025-03-06 11:17:29,619 - paramiko.transport - DEBUG - Secsh channel 107 opened.
2025-03-06 11:17:29,622 - paramiko.transport - DEBUG - [chan 107] Sesch channel 107 request ok
2025-03-06 11:17:29,641 - paramiko.transport - DEBUG - [chan 107] EOF received (107)
2025-03-06 11:17:29,641 - paramiko.transport - DEBUG - [chan 107] EOF sent (107)
2025-03-06 11:17:29,642 - paramiko.transport - DEBUG - [chan 108] Max packet in: 32768 bytes
2025-03-06 11:17:29,690 - paramiko.transport - DEBUG - [chan 108] Max packet out: 32768 bytes
2025-03-06 11:17:29,690 - paramiko.transport - DEBUG - Secsh channel 108 opened.
2025-03-06 11:17:29,692 - paramiko.transport - DEBUG - [chan 108] Sesch channel 108 request ok
2025-03-06 11:17:29,712 - paramiko.transport - DEBUG - [chan 108] EOF received (108)
2025-03-06 11:17:29,713 - paramiko.transport - DEBUG - [chan 108] EOF sent (108)
2025-03-06 11:17:29,714 - paramiko.transport - DEBUG - [chan 109] Max packet in: 32768 bytes
2025-03-06 11:17:29,759 - paramiko.transport - DEBUG - [chan 109] Max packet out: 32768 bytes
2025-03-06 11:17:29,759 - paramiko.transport - DEBUG - Secsh channel 109 opened.
2025-03-06 11:17:29,763 - paramiko.transport - DEBUG - [chan 109] Sesch channel 109 request ok
2025-03-06 11:17:29,784 - paramiko.transport - DEBUG - [chan 109] EOF received (109)
2025-03-06 11:17:29,784 - paramiko.transport - DEBUG - [chan 109] EOF sent (109)
2025-03-06 11:17:29,785 - paramiko.transport - DEBUG - [chan 110] Max packet in: 32768 bytes
2025-03-06 11:17:29,835 - paramiko.transport - DEBUG - [chan 110] Max packet out: 32768 bytes
2025-03-06 11:17:29,835 - paramiko.transport - DEBUG - Secsh channel 110 opened.
2025-03-06 11:17:29,838 - paramiko.transport - DEBUG - [chan 110] Sesch channel 110 request ok
2025-03-06 11:17:29,858 - paramiko.transport - DEBUG - [chan 110] EOF received (110)
2025-03-06 11:17:29,858 - paramiko.transport - DEBUG - [chan 110] EOF sent (110)
2025-03-06 11:17:29,859 - paramiko.transport - DEBUG - [chan 111] Max packet in: 32768 bytes
2025-03-06 11:17:29,902 - paramiko.transport - DEBUG - [chan 111] Max packet out: 32768 bytes
2025-03-06 11:17:29,902 - paramiko.transport - DEBUG - Secsh channel 111 opened.
2025-03-06 11:17:29,906 - paramiko.transport - DEBUG - [chan 111] Sesch channel 111 request ok
2025-03-06 11:17:29,927 - paramiko.transport - DEBUG - [chan 111] EOF received (111)
2025-03-06 11:17:29,928 - paramiko.transport - DEBUG - [chan 111] EOF sent (111)
2025-03-06 11:17:29,929 - paramiko.transport - DEBUG - [chan 112] Max packet in: 32768 bytes
2025-03-06 11:17:29,974 - paramiko.transport - DEBUG - [chan 112] Max packet out: 32768 bytes
2025-03-06 11:17:29,974 - paramiko.transport - DEBUG - Secsh channel 112 opened.
2025-03-06 11:17:29,978 - paramiko.transport - DEBUG - [chan 112] Sesch channel 112 request ok
2025-03-06 11:17:29,997 - paramiko.transport - DEBUG - [chan 112] EOF received (112)
2025-03-06 11:17:29,997 - paramiko.transport - DEBUG - [chan 112] EOF sent (112)
2025-03-06 11:17:29,998 - paramiko.transport - DEBUG - [chan 113] Max packet in: 32768 bytes
2025-03-06 11:17:30,043 - paramiko.transport - DEBUG - [chan 113] Max packet out: 32768 bytes
2025-03-06 11:17:30,043 - paramiko.transport - DEBUG - Secsh channel 113 opened.
2025-03-06 11:17:30,046 - paramiko.transport - DEBUG - [chan 113] Sesch channel 113 request ok
2025-03-06 11:17:30,063 - paramiko.transport - DEBUG - [chan 113] EOF received (113)
2025-03-06 11:17:30,063 - paramiko.transport - DEBUG - [chan 113] EOF sent (113)
2025-03-06 11:17:30,064 - paramiko.transport - DEBUG - [chan 114] Max packet in: 32768 bytes
2025-03-06 11:17:30,111 - paramiko.transport - DEBUG - [chan 114] Max packet out: 32768 bytes
2025-03-06 11:17:30,111 - paramiko.transport - DEBUG - Secsh channel 114 opened.
2025-03-06 11:17:30,113 - paramiko.transport - DEBUG - [chan 114] Sesch channel 114 request ok
2025-03-06 11:17:30,136 - paramiko.transport - DEBUG - [chan 114] EOF received (114)
2025-03-06 11:17:30,136 - paramiko.transport - DEBUG - [chan 114] EOF sent (114)
2025-03-06 11:17:30,137 - paramiko.transport - DEBUG - [chan 115] Max packet in: 32768 bytes
2025-03-06 11:17:30,183 - paramiko.transport - DEBUG - [chan 115] Max packet out: 32768 bytes
2025-03-06 11:17:30,183 - paramiko.transport - DEBUG - Secsh channel 115 opened.
2025-03-06 11:17:30,186 - paramiko.transport - DEBUG - [chan 115] Sesch channel 115 request ok
2025-03-06 11:17:30,205 - paramiko.transport - DEBUG - [chan 115] EOF received (115)
2025-03-06 11:17:30,206 - paramiko.transport - DEBUG - [chan 115] EOF sent (115)
2025-03-06 11:17:30,206 - paramiko.transport - DEBUG - [chan 116] Max packet in: 32768 bytes
2025-03-06 11:17:30,254 - paramiko.transport - DEBUG - [chan 116] Max packet out: 32768 bytes
2025-03-06 11:17:30,255 - paramiko.transport - DEBUG - Secsh channel 116 opened.
2025-03-06 11:17:30,258 - paramiko.transport - DEBUG - [chan 116] Sesch channel 116 request ok
2025-03-06 11:17:30,280 - paramiko.transport - DEBUG - [chan 116] EOF received (116)
2025-03-06 11:17:30,280 - paramiko.transport - DEBUG - [chan 116] EOF sent (116)
2025-03-06 11:17:30,282 - paramiko.transport - DEBUG - [chan 117] Max packet in: 32768 bytes
2025-03-06 11:17:30,327 - paramiko.transport - DEBUG - [chan 117] Max packet out: 32768 bytes
2025-03-06 11:17:30,327 - paramiko.transport - DEBUG - Secsh channel 117 opened.
2025-03-06 11:17:30,329 - paramiko.transport - DEBUG - [chan 117] Sesch channel 117 request ok
2025-03-06 11:17:30,351 - paramiko.transport - DEBUG - [chan 117] EOF received (117)
2025-03-06 11:17:30,352 - paramiko.transport - DEBUG - [chan 117] EOF sent (117)
2025-03-06 11:17:32,597 - paramiko.transport - DEBUG - EOF in transport thread
